#
# A fatal error has been detected by the Java Runtime Environment:
#
#  SIGSEGV (0xb) at pc=0x00000001214f89e4, pid=7723, tid=70683
#
# JRE version: OpenJDK Runtime Environment Zulu24.30+11-CA (24.0.1+9) (build 24.0.1+9)
# Java VM: OpenJDK 64-Bit Server VM Zulu24.30+11-CA (24.0.1+9, mixed mode, sharing, tiered, compressed oops, compressed class ptrs, g1 gc, bsd-aarch64)
# Problematic frame:
# C  [libawt_lwawt.dylib+0x649e4]  MTLBlitLoops_IsoBlit+0x64
#
# No core dump will be written. Core dumps have been disabled. To enable core dumping, try "ulimit -c unlimited" before starting Java again
#
# If you would like to submit a bug report, please visit:
#   http://www.azul.com/support/
# The crash happened outside the Java Virtual Machine in native code.
# See problematic frame for where to report the bug.
#

---------------  S U M M A R Y ------------

Command Line: -Dfile.encoding=UTF-8 --module-path=/Users/lauragarcia/NetBeansProjects/WheelOfFortune2/build/classes wheeloffortune2.GamePlay

Host: "MacBookAir10,1" arm64, 8 cores, 16G, Darwin 23.3.0, macOS 14.3.1 (23D60)
Time: Thu Jun  5 23:02:01 2025 EDT elapsed time: 5.289333 seconds (0d 0h 0m 5s)

---------------  T H R E A D  ---------------

Current thread (0x0000000141206e00):  JavaThread "Java2D Queue Flusher" daemon [_thread_in_native, id=70683, stack(0x0000000171644000,0x0000000171847000) (2060K)]

Stack: [0x0000000171644000,0x0000000171847000],  sp=0x0000000171846590,  free space=2057k
Native frames: (J=compiled Java code, j=interpreted, Vv=VM code, C=native code)
C  [libawt_lwawt.dylib+0x649e4]  MTLBlitLoops_IsoBlit+0x64
C  [libawt_lwawt.dylib+0x6f640]  Java_sun_java2d_metal_MTLRenderQueue_flushBuffer+0x255c
j  sun.java2d.metal.MTLRenderQueue.flushBuffer(JI)V+0 java.desktop@24.0.1
j  sun.java2d.metal.MTLRenderQueue.flushBuffer()V+21 java.desktop@24.0.1
j  sun.java2d.metal.MTLRenderQueue$QueueFlusher.run()V+81 java.desktop@24.0.1
j  java.lang.Thread.runWith(Ljava/lang/Object;Ljava/lang/Runnable;)V+5 java.base@24.0.1
j  java.lang.Thread.run()V+19 java.base@24.0.1
v  ~StubRoutines::call_stub 0x00000001137e4114
V  [libjvm.dylib+0x4daf0c]  JavaCalls::call_helper(JavaValue*, methodHandle const&, JavaCallArguments*, JavaThread*)+0x3e0
V  [libjvm.dylib+0x4d9e2c]  JavaCalls::call_virtual(JavaValue*, Klass*, Symbol*, Symbol*, JavaCallArguments*, JavaThread*)+0x164
V  [libjvm.dylib+0x4d9ef8]  JavaCalls::call_virtual(JavaValue*, Handle, Klass*, Symbol*, Symbol*, JavaThread*)+0x64
V  [libjvm.dylib+0x5b4f4c]  thread_entry(JavaThread*, JavaThread*)+0x9c
V  [libjvm.dylib+0x4ef0dc]  JavaThread::thread_main_inner()+0x9c
V  [libjvm.dylib+0xac1238]  Thread::call_run()+0xc8
V  [libjvm.dylib+0x8779dc]  thread_native_entry(Thread*)+0x118
C  [libsystem_pthread.dylib+0x7034]  _pthread_start+0x88
Java frames: (J=compiled Java code, j=interpreted, Vv=VM code)
j  sun.java2d.metal.MTLRenderQueue.flushBuffer(JI)V+0 java.desktop@24.0.1
j  sun.java2d.metal.MTLRenderQueue.flushBuffer()V+21 java.desktop@24.0.1
j  sun.java2d.metal.MTLRenderQueue$QueueFlusher.run()V+81 java.desktop@24.0.1
j  java.lang.Thread.runWith(Ljava/lang/Object;Ljava/lang/Runnable;)V+5 java.base@24.0.1
j  java.lang.Thread.run()V+19 java.base@24.0.1
v  ~StubRoutines::call_stub 0x00000001137e4114

siginfo: si_signo: 11 (SIGSEGV), si_code: 2 (SEGV_ACCERR), si_addr: 0x000002bc00000038

Registers:
 x0=0x00000001412071c8  x1=0x000060000320d710  x2=0x0000000000000033  x3=0x000002bc00000000
 x4=0x0000000000000001  x5=0x0000000000000002  x6=0x0000000000000001  x7=0x0000000000000000
 x8=0x0000000000000001  x9=0x0000000000000000 x10=0x000000000000015e x11=0x000000000000015e
x12=0x000000000000020b x13=0x000000000000000b x14=0x0100000121561389 x15=0x0000000121561388
x16=0x0000000121561388 x17=0xbb668001214de4c8 x18=0x0000000000000000 x19=0x0000000000000002
x20=0x000000000000015e x21=0x000060000320d710 x22=0x000002bc00000000 x23=0x000000000000015e
x24=0x0000000000000000 x25=0x0000000000000001 x26=0x0000000000000001 x27=0x0000000000000000
x28=0x0000000000000033  fp=0x00000001718466b0  lr=0x0000000121503640  sp=0x0000000171846590
pc=0x00000001214f89e4 cpsr=0x0000000080001000

Register to memory mapping:

x0 =0x00000001412071c8 points into unknown readable memory: 0x000000010342f8f8 | f8 f8 42 03 01 00 00 00
x1 =0x000060000320d710 points into unknown readable memory: 0x0100000121561ab9 | b9 1a 56 21 01 00 00 01
x2 =0x0000000000000033 is an unknown value
x3 =0x000002bc00000000 is an unknown value
x4 =0x0000000000000001 is an unknown value
x5 =0x0000000000000002 is an unknown value
x6 =0x0000000000000001 is an unknown value
x7 =0x0 is null
x8 =0x0000000000000001 is an unknown value
x9 =0x0 is null
x10=0x000000000000015e is an unknown value
x11=0x000000000000015e is an unknown value
x12=0x000000000000020b is an unknown value
x13=0x000000000000000b is an unknown value
x14=0x0100000121561389: OBJC_CLASS_$_EncoderManager+0x1 in /Applications/Apache NetBeans.app/Contents/Home/lib/libawt_lwawt.dylib at 0x0000000121494000
x15=0x0000000121561388: OBJC_CLASS_$_EncoderManager+0 in /Applications/Apache NetBeans.app/Contents/Home/lib/libawt_lwawt.dylib at 0x0000000121494000
x16=0x0000000121561388: OBJC_CLASS_$_EncoderManager+0 in /Applications/Apache NetBeans.app/Contents/Home/lib/libawt_lwawt.dylib at 0x0000000121494000
x17=0xbb668001214de4c8: -[EncoderManager endEncoder]+0 in /Applications/Apache NetBeans.app/Contents/Home/lib/libawt_lwawt.dylib at 0x0000000121494000
x18=0x0 is null
x19=0x0000000000000002 is an unknown value
x20=0x000000000000015e is an unknown value
x21=0x000060000320d710 points into unknown readable memory: 0x0100000121561ab9 | b9 1a 56 21 01 00 00 01
x22=0x000002bc00000000 is an unknown value
x23=0x000000000000015e is an unknown value
x24=0x0 is null
x25=0x0000000000000001 is an unknown value
x26=0x0000000000000001 is an unknown value
x27=0x0 is null
x28=0x0000000000000033 is an unknown value
 fp=0x00000001718466b0 is pointing into the stack for thread: 0x0000000141206e00
 lr=0x0000000121503640: Java_sun_java2d_metal_MTLRenderQueue_flushBuffer+0x255c in /Applications/Apache NetBeans.app/Contents/Home/lib/libawt_lwawt.dylib at 0x0000000121494000
 sp=0x0000000171846590 is pointing into the stack for thread: 0x0000000141206e00

Top of Stack: (sp=0x0000000171846590)
0x0000000171846590:   0000000101424428 0000000000000002   (DB.............
0x00000001718465a0:   0000000000000000 0000000101420000   ..........B.....
0x00000001718465b0:   0000000000000000 0000000000000030   ........0.......
0x00000001718465c0:   000060000022f3e0 00000002a9216760   .."..`..`g!.....
0x00000001718465d0:   00000002395895e8 0000000171846770   ..X9....pg.q....
0x00000001718465e0:   0000000171846620 3273800187522124    f.q....$!R...s2
0x00000001718465f0:   0000000141231fb4 0000000000000000   ..#A............
0x0000000171846600:   0000600000e47900 0000000000000000   .y...`..........
0x0000000171846610:   0000000171846770 0000600000e47900   pg.q.....y...`..
0x0000000171846620:   4075e00000000000 4075e00000000000   ......u@......u@
0x0000000171846630:   0000000000000000 0000000000000000   ................
0x0000000171846640:   0000000000007198 00000001718470e0   .q.......p.q....
0x0000000171846650:   0000000000000000 0000000000000000   ................
0x0000000171846660:   00000001409db038 0000000121567000   8..@.....pV!....
0x0000000171846670:   0000000121564000 0000000121564000   .@V!.....@V!....
0x0000000171846680:   0000000141232000 0000000121534fb0   . #A.....OS!....
0x0000000171846690:   0000000000007198 0000000141231fb8   .q........#A....
0x00000001718466a0:   0000000141232198 00006000000cf940   .!#A....@....`..
0x00000001718466b0:   00000001718467f0 0000000121503640   .g.q....@6P!....
0x00000001718466c0:   0000015e00000000 000000010000015e   ....^...^.......
0x00000001718466d0:   0000000171846840 0000000000000000   @h.q............
0x00000001718466e0:   00000001409db038 0000000141232198   8..@.....!#A....
0x00000001718466f0:   00000001412071c8 00000001de0e7588   .q A.....u......
0x0000000171846700:   00000000c2000000 00000001215037e4   .........7P!....
0x0000000171846710:   000000012154cdf0 00006000000c8b40   ..T!....@....`..
0x0000000171846720:   0000000141206e00 0000000000000000   .n A............
0x0000000171846730:   0000000122313bf0 0000000171846e10   .;1".....n.q....
0x0000000171846740:   000000010345bfa3 000000010343c158   ..E.....X.C.....
0x0000000171846750:   0000000000000064 0000600003f14108   d........A...`..
0x0000000171846760:   0000000141206e00 0000600003b17cf0   .n A.....|...`..
0x0000000171846770:   00000001de0e7588 00000000c2000000   .u..............
0x0000000171846780:   00000001215010dc 000000012154cdf0   ..P!......T!....

Instructions: (pc=0x00000001214f89e4)
  0x00000001214f88e4:   e7 43 05 2d 83 18 23 1e e1 0f 06 2d e7 43 07 2d
  0x00000001214f88f4:   e1 0f 08 2d e5 43 09 2d e0 0f 0a 2d e5 1b 0b 2d
  0x00000001214f8904:   e0 0b 0c 2d e2 23 00 91 e0 03 14 aa 03 0c 80 52
  0x00000001214f8914:   04 00 80 d2 6a ca 00 94 e0 03 14 aa e2 03 13 aa
  0x00000001214f8924:   03 00 80 d2 9e c5 00 94 e0 03 14 aa 62 00 80 52
  0x00000001214f8934:   03 00 80 d2 c4 00 80 52 51 b4 00 94 e8 37 40 f9
  0x00000001214f8944:   1f 20 03 d5 c9 dd 29 58 29 01 40 f9 3f 01 08 eb
  0x00000001214f8954:   41 01 00 54 fd 7b 4d a9 f4 4f 4c a9 f6 57 4b a9
  0x00000001214f8964:   f8 5f 4a a9 fa 67 49 a9 e9 23 48 6d eb 2b 47 6d
  0x00000001214f8974:   ff 83 03 91 c0 03 5f d6 70 a6 00 94 ff c3 04 d1
  0x00000001214f8984:   e9 23 0c 6d fc 6f 0d a9 fa 67 0e a9 f8 5f 0f a9
  0x00000001214f8994:   f6 57 10 a9 f4 4f 11 a9 fd 7b 12 a9 fd 83 04 91
  0x00000001214f89a4:   b4 df 42 29 bb 13 40 b9 a7 43 19 b8 a1 03 38 6d
  0x00000001214f89b4:   a2 83 17 fc e3 4b 00 fd 61 0f 00 b4 fc 03 02 aa
  0x00000001214f89c4:   22 0f 00 b4 f6 03 03 aa e3 0e 00 b4 f8 03 07 aa
  0x00000001214f89d4:   f9 03 06 aa f3 03 05 aa fa 03 04 aa f5 03 01 aa
=>0x00000001214f89e4:   c8 1e 40 f9 08 11 40 f9 88 00 00 b4 08 01 40 f9
  0x00000001214f89f4:   1f 01 15 eb 81 0d 00 54 88 1f 40 f9 08 11 40 f9
  0x00000001214f8a04:   88 00 00 b4 08 01 40 f9 1f 01 15 eb c1 0c 00 54
  0x00000001214f8a14:   88 2f 40 f9 88 0c 00 b4 8b 02 18 4b 7f 05 00 71
  0x00000001214f8a24:   2b 0c 00 54 ea 02 1b 4b 5f 05 00 71 cb 0b 00 54
  0x00000001214f8a34:   49 38 60 1e 28 21 60 1e 69 0b 00 54 68 38 61 1e
  0x00000001214f8a44:   08 21 60 1e 09 0b 00 54 c9 2e 40 f9 e9 23 02 a9
  0x00000001214f8a54:   eb 2b 06 29 9a 03 00 35 f7 03 09 aa e0 03 09 aa
  0x00000001214f8a64:   b7 cd 00 94 f4 03 00 aa e0 03 17 aa 54 b7 00 94
  0x00000001214f8a74:   f7 03 00 aa 79 00 00 34 00 00 80 d2 04 00 00 14
  0x00000001214f8a84:   e0 03 15 aa b6 af 00 94 3d b6 00 94 e0 07 00 f9
  0x00000001214f8a94:   a0 e3 01 d1 a1 03 02 d1 a2 23 02 d1 e3 43 02 91
  0x00000001214f8aa4:   a4 b3 01 d1 f4 5f 00 29 a5 43 00 91 a6 53 00 91
  0x00000001214f8ab4:   a7 63 00 91 87 00 00 94 b8 43 59 b8 bb 53 42 29
  0x00000001214f8ac4:   b7 1b 40 b9 f8 6f 10 29 f4 5f 11 29 83 13 4a 29
  0x00000001214f8ad4:   e0 03 02 91 01 00 80 52 02 00 80 52 f9 a5 00 94


Stack slot to memory mapping:

stack at sp + 0 slots: 0x0000000101424428 points into unknown readable memory: 0x0000600000215138 | 38 51 21 00 00 60 00 00
stack at sp + 1 slots: 0x0000000000000002 is an unknown value
stack at sp + 2 slots: 0x0 is null
stack at sp + 3 slots: 0x0000000101420000 points into unknown readable memory: 0x0000000000000000 | 00 00 00 00 00 00 00 00
stack at sp + 4 slots: 0x0 is null
stack at sp + 5 slots: 0x0000000000000030 is an unknown value
stack at sp + 6 slots: 0x000060000022f3e0 points into unknown readable memory: 0x0000917f39d2f3e0 | e0 f3 d2 39 7f 91 00 00
stack at sp + 7 slots: 0x00000002a9216760 points into unknown readable memory: 0x01000002395895e9 | e9 95 58 39 02 00 00 01

Lock stack of current Java thread (top to bottom):


---------------  P R O C E S S  ---------------

Threads class SMR info:
_java_thread_list=0x00006000000ddda0, length=20, elements={
0x000000014087a400, 0x000000014087bc00, 0x0000000130809e00, 0x000000014087c400,
0x000000014087cc00, 0x000000014087d400, 0x0000000140885c00, 0x0000000141053400,
0x000000014104e800, 0x0000000121821600, 0x0000000140933a00, 0x0000000141206e00,
0x00000001411fe200, 0x0000000130d23e00, 0x00000001409a3200, 0x0000000141056a00,
0x0000000140a72000, 0x0000000130dbfe00, 0x0000000130ddd000, 0x0000000140b11800
}

Java Threads: ( => current thread )
  0x000000014087a400 JavaThread "Reference Handler"          daemon [_thread_blocked, id=25347, stack(0x0000000170140000,0x0000000170343000) (2060K)]
  0x000000014087bc00 JavaThread "Finalizer"                  daemon [_thread_blocked, id=29699, stack(0x000000017034c000,0x000000017054f000) (2060K)]
  0x0000000130809e00 JavaThread "Signal Dispatcher"          daemon [_thread_blocked, id=29443, stack(0x0000000170558000,0x000000017075b000) (2060K)]
  0x000000014087c400 JavaThread "Service Thread"             daemon [_thread_blocked, id=26371, stack(0x0000000170764000,0x0000000170967000) (2060K)]
  0x000000014087cc00 JavaThread "Monitor Deflation Thread"   daemon [_thread_blocked, id=29187, stack(0x0000000170970000,0x0000000170b73000) (2060K)]
  0x000000014087d400 JavaThread "C2 CompilerThread0"         daemon [_thread_blocked, id=26883, stack(0x0000000170b7c000,0x0000000170d7f000) (2060K)]
  0x0000000140885c00 JavaThread "C1 CompilerThread0"         daemon [_thread_blocked, id=28675, stack(0x0000000170d88000,0x0000000170f8b000) (2060K)]
  0x0000000141053400 JavaThread "Common-Cleaner"             daemon [_thread_blocked, id=28163, stack(0x0000000170f94000,0x0000000171197000) (2060K)]
  0x000000014104e800 JavaThread "Notification Thread"        daemon [_thread_blocked, id=27907, stack(0x00000001711a0000,0x00000001713a3000) (2060K)]
  0x0000000121821600 JavaThread "AppKit Thread"              daemon [_thread_in_native, id=259, stack(0x000000016e6b4000,0x000000016eeb0000) (8176K)]
  0x0000000140933a00 JavaThread "AWT-Shutdown"                      [_thread_blocked, id=44811, stack(0x00000001713ac000,0x00000001715af000) (2060K)]
=>0x0000000141206e00 JavaThread "Java2D Queue Flusher"       daemon [_thread_in_native, id=70683, stack(0x0000000171644000,0x0000000171847000) (2060K)]
  0x00000001411fe200 JavaThread "Java2D Disposer"            daemon [_thread_blocked, id=71171, stack(0x0000000171850000,0x0000000171a53000) (2060K)]
  0x0000000130d23e00 JavaThread "AWT-EventQueue-0"                  [_thread_blocked, id=82947, stack(0x0000000171a5c000,0x0000000171c5f000) (2060K)]
  0x00000001409a3200 JavaThread "DestroyJavaVM"                     [_thread_blocked, id=8707, stack(0x000000016ef3c000,0x000000016f13f000) (2060K)]
  0x0000000141056a00 JavaThread "Image Fetcher 0"            daemon [_thread_blocked, id=82691, stack(0x0000000171c68000,0x0000000171e6b000) (2060K)]
  0x0000000140a72000 JavaThread "TimerQueue"                 daemon [_thread_blocked, id=81207, stack(0x000000029f504000,0x000000029f707000) (2060K)]
  0x0000000130dbfe00 JavaThread "Timer-0"                    daemon [_thread_blocked, id=128027, stack(0x00000002a09f4000,0x00000002a0bf7000) (2060K)]
  0x0000000130ddd000 JavaThread "Thread-1"                          [_thread_blocked, id=88595, stack(0x00000002aa09c000,0x00000002aa29f000) (2060K)]
  0x0000000140b11800 JavaThread "Thread-2"                          [_thread_blocked, id=127271, stack(0x00000002aa2a8000,0x00000002aa4ab000) (2060K)]
Total: 20

Other Threads:
  0x000000014060a390 VMThread "VM Thread"                           [id=18947, stack(0x000000016fd90000,0x000000016ff93000) (2060K)]
  0x0000000140709ad0 WatcherThread "VM Periodic Task Thread"        [id=17159, stack(0x000000016fb84000,0x000000016fd87000) (2060K)]
  0x0000000140707440 WorkerThread "GC Thread#0"                     [id=13827, stack(0x000000016f148000,0x000000016f34b000) (2060K)]
  0x0000000140707bf0 ConcurrentGCThread "G1 Main Marker"            [id=12803, stack(0x000000016f354000,0x000000016f557000) (2060K)]
  0x0000000140606360 WorkerThread "G1 Conc#0"                       [id=16387, stack(0x000000016f560000,0x000000016f763000) (2060K)]
  0x0000000140871400 ConcurrentGCThread "G1 Refine#0"               [id=21507, stack(0x000000016f76c000,0x000000016f96f000) (2060K)]
  0x0000000140608890 ConcurrentGCThread "G1 Service"                [id=20995, stack(0x000000016f978000,0x000000016fb7b000) (2060K)]
Total: 7

Threads with active compile tasks:
Total: 0

VM state: not at safepoint (normal execution)

VM Mutex/Monitor currently owned by a thread: None

OutOfMemory and StackOverflow Exception counts:
StackOverflowErrors=2
LinkageErrors=37

Heap address: 0x0000000700000000, size: 4096 MB, Compressed Oops mode: Zero based, Oop shift amount: 3

CDS archive(s) mapped at: [0x0000070000000000-0x0000070000d18000-0x0000070000d18000), size 13729792, SharedBaseAddress: 0x0000070000000000, ArchiveRelocationMode: 1.
Compressed class space mapped at: 0x0000070001000000-0x0000070041000000, reserved size: 1073741824
UseCompressedClassPointers 1, UseCompactObjectHeaders 0
Narrow klass pointer bits 32, Max shift 3
Narrow klass base: 0x0000070000000000, Narrow klass shift: 0
Encoding Range: [0x0000070000000000 - 0x0000070100000000), (4294967296 bytes)
Klass Range:    [0x0000070000000000 - 0x0000070041000000), (1090519040 bytes)
Klass ID Range:  [8 - 1090519033) (1090519025)

GC Precious Log:
 CardTable entry size: 512
 Card Set container configuration: InlinePtr #cards 4 size 8 Array Of Cards #cards 16 size 48 Howl #buckets 8 coarsen threshold 3686 Howl Bitmap #cards 512 size 80 coarsen threshold 460 Card regions per heap region 1 cards per card region 4096
 CPUs: 8 total, 8 available
 Memory: 16384M
 Large Page Support: Disabled
 NUMA Support: Disabled
 Compressed Oops: Enabled (Zero based)
 Heap Region Size: 2M
 Heap Min Capacity: 8M
 Heap Initial Capacity: 256M
 Heap Max Capacity: 4G
 Pre-touch: Disabled
 Parallel Workers: 8
 Concurrent Workers: 2
 Concurrent Refinement Workers: 8
 Periodic GC: Disabled

Heap:
 garbage-first heap   total reserved 4194304K, committed 264192K, used 31838K [0x0000000700000000, 0x0000000800000000)
  region size 2048K, 16 young (32768K), 0 survivors (0K)
 Metaspace       used 12454K, committed 12736K, reserved 1114112K
  class space    used 1179K, committed 1280K, reserved 1048576K

Heap Regions: E=young(eden), S=young(survivor), O=old, HS=humongous(starts), HC=humongous(continues), CS=collection set, F=free, TAMS=top-at-mark-start, PB=parsable bottom
|   0|0x0000000700000000, 0x0000000700200000, 0x0000000700200000|100%|HS|  |TAMS 0x0000000700000000| PB 0x0000000700000000| Complete |  0
|   1|0x0000000700200000, 0x0000000700200000, 0x0000000700400000|  0%| F|  |TAMS 0x0000000700200000| PB 0x0000000700200000| Untracked |  0
|   2|0x0000000700400000, 0x0000000700400000, 0x0000000700600000|  0%| F|  |TAMS 0x0000000700400000| PB 0x0000000700400000| Untracked |  0
|   3|0x0000000700600000, 0x0000000700600000, 0x0000000700800000|  0%| F|  |TAMS 0x0000000700600000| PB 0x0000000700600000| Untracked |  0
|   4|0x0000000700800000, 0x0000000700800000, 0x0000000700a00000|  0%| F|  |TAMS 0x0000000700800000| PB 0x0000000700800000| Untracked |  0
|   5|0x0000000700a00000, 0x0000000700a00000, 0x0000000700c00000|  0%| F|  |TAMS 0x0000000700a00000| PB 0x0000000700a00000| Untracked |  0
|   6|0x0000000700c00000, 0x0000000700c00000, 0x0000000700e00000|  0%| F|  |TAMS 0x0000000700c00000| PB 0x0000000700c00000| Untracked |  0
|   7|0x0000000700e00000, 0x0000000700e00000, 0x0000000701000000|  0%| F|  |TAMS 0x0000000700e00000| PB 0x0000000700e00000| Untracked |  0
|   8|0x0000000701000000, 0x0000000701000000, 0x0000000701200000|  0%| F|  |TAMS 0x0000000701000000| PB 0x0000000701000000| Untracked |  0
|   9|0x0000000701200000, 0x0000000701200000, 0x0000000701400000|  0%| F|  |TAMS 0x0000000701200000| PB 0x0000000701200000| Untracked |  0
|  10|0x0000000701400000, 0x0000000701400000, 0x0000000701600000|  0%| F|  |TAMS 0x0000000701400000| PB 0x0000000701400000| Untracked |  0
|  11|0x0000000701600000, 0x0000000701600000, 0x0000000701800000|  0%| F|  |TAMS 0x0000000701600000| PB 0x0000000701600000| Untracked |  0
|  12|0x0000000701800000, 0x0000000701800000, 0x0000000701a00000|  0%| F|  |TAMS 0x0000000701800000| PB 0x0000000701800000| Untracked |  0
|  13|0x0000000701a00000, 0x0000000701a00000, 0x0000000701c00000|  0%| F|  |TAMS 0x0000000701a00000| PB 0x0000000701a00000| Untracked |  0
|  14|0x0000000701c00000, 0x0000000701c00000, 0x0000000701e00000|  0%| F|  |TAMS 0x0000000701c00000| PB 0x0000000701c00000| Untracked |  0
|  15|0x0000000701e00000, 0x0000000701e00000, 0x0000000702000000|  0%| F|  |TAMS 0x0000000701e00000| PB 0x0000000701e00000| Untracked |  0
|  16|0x0000000702000000, 0x0000000702000000, 0x0000000702200000|  0%| F|  |TAMS 0x0000000702000000| PB 0x0000000702000000| Untracked |  0
|  17|0x0000000702200000, 0x0000000702200000, 0x0000000702400000|  0%| F|  |TAMS 0x0000000702200000| PB 0x0000000702200000| Untracked |  0
|  18|0x0000000702400000, 0x0000000702400000, 0x0000000702600000|  0%| F|  |TAMS 0x0000000702400000| PB 0x0000000702400000| Untracked |  0
|  19|0x0000000702600000, 0x0000000702600000, 0x0000000702800000|  0%| F|  |TAMS 0x0000000702600000| PB 0x0000000702600000| Untracked |  0
|  20|0x0000000702800000, 0x0000000702800000, 0x0000000702a00000|  0%| F|  |TAMS 0x0000000702800000| PB 0x0000000702800000| Untracked |  0
|  21|0x0000000702a00000, 0x0000000702a00000, 0x0000000702c00000|  0%| F|  |TAMS 0x0000000702a00000| PB 0x0000000702a00000| Untracked |  0
|  22|0x0000000702c00000, 0x0000000702c00000, 0x0000000702e00000|  0%| F|  |TAMS 0x0000000702c00000| PB 0x0000000702c00000| Untracked |  0
|  23|0x0000000702e00000, 0x0000000702e00000, 0x0000000703000000|  0%| F|  |TAMS 0x0000000702e00000| PB 0x0000000702e00000| Untracked |  0
|  24|0x0000000703000000, 0x0000000703000000, 0x0000000703200000|  0%| F|  |TAMS 0x0000000703000000| PB 0x0000000703000000| Untracked |  0
|  25|0x0000000703200000, 0x0000000703200000, 0x0000000703400000|  0%| F|  |TAMS 0x0000000703200000| PB 0x0000000703200000| Untracked |  0
|  26|0x0000000703400000, 0x0000000703400000, 0x0000000703600000|  0%| F|  |TAMS 0x0000000703400000| PB 0x0000000703400000| Untracked |  0
|  27|0x0000000703600000, 0x0000000703600000, 0x0000000703800000|  0%| F|  |TAMS 0x0000000703600000| PB 0x0000000703600000| Untracked |  0
|  28|0x0000000703800000, 0x0000000703800000, 0x0000000703a00000|  0%| F|  |TAMS 0x0000000703800000| PB 0x0000000703800000| Untracked |  0
|  29|0x0000000703a00000, 0x0000000703a00000, 0x0000000703c00000|  0%| F|  |TAMS 0x0000000703a00000| PB 0x0000000703a00000| Untracked |  0
|  30|0x0000000703c00000, 0x0000000703c00000, 0x0000000703e00000|  0%| F|  |TAMS 0x0000000703c00000| PB 0x0000000703c00000| Untracked |  0
|  31|0x0000000703e00000, 0x0000000703e00000, 0x0000000704000000|  0%| F|  |TAMS 0x0000000703e00000| PB 0x0000000703e00000| Untracked |  0
|  32|0x0000000704000000, 0x0000000704000000, 0x0000000704200000|  0%| F|  |TAMS 0x0000000704000000| PB 0x0000000704000000| Untracked |  0
|  33|0x0000000704200000, 0x0000000704200000, 0x0000000704400000|  0%| F|  |TAMS 0x0000000704200000| PB 0x0000000704200000| Untracked |  0
|  34|0x0000000704400000, 0x0000000704400000, 0x0000000704600000|  0%| F|  |TAMS 0x0000000704400000| PB 0x0000000704400000| Untracked |  0
|  35|0x0000000704600000, 0x0000000704600000, 0x0000000704800000|  0%| F|  |TAMS 0x0000000704600000| PB 0x0000000704600000| Untracked |  0
|  36|0x0000000704800000, 0x0000000704800000, 0x0000000704a00000|  0%| F|  |TAMS 0x0000000704800000| PB 0x0000000704800000| Untracked |  0
|  37|0x0000000704a00000, 0x0000000704a00000, 0x0000000704c00000|  0%| F|  |TAMS 0x0000000704a00000| PB 0x0000000704a00000| Untracked |  0
|  38|0x0000000704c00000, 0x0000000704c00000, 0x0000000704e00000|  0%| F|  |TAMS 0x0000000704c00000| PB 0x0000000704c00000| Untracked |  0
|  39|0x0000000704e00000, 0x0000000704e00000, 0x0000000705000000|  0%| F|  |TAMS 0x0000000704e00000| PB 0x0000000704e00000| Untracked |  0
|  40|0x0000000705000000, 0x0000000705000000, 0x0000000705200000|  0%| F|  |TAMS 0x0000000705000000| PB 0x0000000705000000| Untracked |  0
|  41|0x0000000705200000, 0x0000000705200000, 0x0000000705400000|  0%| F|  |TAMS 0x0000000705200000| PB 0x0000000705200000| Untracked |  0
|  42|0x0000000705400000, 0x0000000705400000, 0x0000000705600000|  0%| F|  |TAMS 0x0000000705400000| PB 0x0000000705400000| Untracked |  0
|  43|0x0000000705600000, 0x0000000705600000, 0x0000000705800000|  0%| F|  |TAMS 0x0000000705600000| PB 0x0000000705600000| Untracked |  0
|  44|0x0000000705800000, 0x0000000705800000, 0x0000000705a00000|  0%| F|  |TAMS 0x0000000705800000| PB 0x0000000705800000| Untracked |  0
|  45|0x0000000705a00000, 0x0000000705a00000, 0x0000000705c00000|  0%| F|  |TAMS 0x0000000705a00000| PB 0x0000000705a00000| Untracked |  0
|  46|0x0000000705c00000, 0x0000000705c00000, 0x0000000705e00000|  0%| F|  |TAMS 0x0000000705c00000| PB 0x0000000705c00000| Untracked |  0
|  47|0x0000000705e00000, 0x0000000705e00000, 0x0000000706000000|  0%| F|  |TAMS 0x0000000705e00000| PB 0x0000000705e00000| Untracked |  0
|  48|0x0000000706000000, 0x0000000706000000, 0x0000000706200000|  0%| F|  |TAMS 0x0000000706000000| PB 0x0000000706000000| Untracked |  0
|  49|0x0000000706200000, 0x0000000706200000, 0x0000000706400000|  0%| F|  |TAMS 0x0000000706200000| PB 0x0000000706200000| Untracked |  0
|  50|0x0000000706400000, 0x0000000706400000, 0x0000000706600000|  0%| F|  |TAMS 0x0000000706400000| PB 0x0000000706400000| Untracked |  0
|  51|0x0000000706600000, 0x0000000706600000, 0x0000000706800000|  0%| F|  |TAMS 0x0000000706600000| PB 0x0000000706600000| Untracked |  0
|  52|0x0000000706800000, 0x0000000706800000, 0x0000000706a00000|  0%| F|  |TAMS 0x0000000706800000| PB 0x0000000706800000| Untracked |  0
|  53|0x0000000706a00000, 0x0000000706a00000, 0x0000000706c00000|  0%| F|  |TAMS 0x0000000706a00000| PB 0x0000000706a00000| Untracked |  0
|  54|0x0000000706c00000, 0x0000000706c00000, 0x0000000706e00000|  0%| F|  |TAMS 0x0000000706c00000| PB 0x0000000706c00000| Untracked |  0
|  55|0x0000000706e00000, 0x0000000706e00000, 0x0000000707000000|  0%| F|  |TAMS 0x0000000706e00000| PB 0x0000000706e00000| Untracked |  0
|  56|0x0000000707000000, 0x0000000707000000, 0x0000000707200000|  0%| F|  |TAMS 0x0000000707000000| PB 0x0000000707000000| Untracked |  0
|  57|0x0000000707200000, 0x0000000707200000, 0x0000000707400000|  0%| F|  |TAMS 0x0000000707200000| PB 0x0000000707200000| Untracked |  0
|  58|0x0000000707400000, 0x0000000707400000, 0x0000000707600000|  0%| F|  |TAMS 0x0000000707400000| PB 0x0000000707400000| Untracked |  0
|  59|0x0000000707600000, 0x0000000707600000, 0x0000000707800000|  0%| F|  |TAMS 0x0000000707600000| PB 0x0000000707600000| Untracked |  0
|  60|0x0000000707800000, 0x0000000707800000, 0x0000000707a00000|  0%| F|  |TAMS 0x0000000707800000| PB 0x0000000707800000| Untracked |  0
|  61|0x0000000707a00000, 0x0000000707a00000, 0x0000000707c00000|  0%| F|  |TAMS 0x0000000707a00000| PB 0x0000000707a00000| Untracked |  0
|  62|0x0000000707c00000, 0x0000000707c00000, 0x0000000707e00000|  0%| F|  |TAMS 0x0000000707c00000| PB 0x0000000707c00000| Untracked |  0
|  63|0x0000000707e00000, 0x0000000707e00000, 0x0000000708000000|  0%| F|  |TAMS 0x0000000707e00000| PB 0x0000000707e00000| Untracked |  0
|  64|0x0000000708000000, 0x0000000708000000, 0x0000000708200000|  0%| F|  |TAMS 0x0000000708000000| PB 0x0000000708000000| Untracked |  0
|  65|0x0000000708200000, 0x0000000708200000, 0x0000000708400000|  0%| F|  |TAMS 0x0000000708200000| PB 0x0000000708200000| Untracked |  0
|  66|0x0000000708400000, 0x0000000708400000, 0x0000000708600000|  0%| F|  |TAMS 0x0000000708400000| PB 0x0000000708400000| Untracked |  0
|  67|0x0000000708600000, 0x0000000708600000, 0x0000000708800000|  0%| F|  |TAMS 0x0000000708600000| PB 0x0000000708600000| Untracked |  0
|  68|0x0000000708800000, 0x0000000708800000, 0x0000000708a00000|  0%| F|  |TAMS 0x0000000708800000| PB 0x0000000708800000| Untracked |  0
|  69|0x0000000708a00000, 0x0000000708a00000, 0x0000000708c00000|  0%| F|  |TAMS 0x0000000708a00000| PB 0x0000000708a00000| Untracked |  0
|  70|0x0000000708c00000, 0x0000000708c00000, 0x0000000708e00000|  0%| F|  |TAMS 0x0000000708c00000| PB 0x0000000708c00000| Untracked |  0
|  71|0x0000000708e00000, 0x0000000708e00000, 0x0000000709000000|  0%| F|  |TAMS 0x0000000708e00000| PB 0x0000000708e00000| Untracked |  0
|  72|0x0000000709000000, 0x0000000709000000, 0x0000000709200000|  0%| F|  |TAMS 0x0000000709000000| PB 0x0000000709000000| Untracked |  0
|  73|0x0000000709200000, 0x0000000709200000, 0x0000000709400000|  0%| F|  |TAMS 0x0000000709200000| PB 0x0000000709200000| Untracked |  0
|  74|0x0000000709400000, 0x0000000709400000, 0x0000000709600000|  0%| F|  |TAMS 0x0000000709400000| PB 0x0000000709400000| Untracked |  0
|  75|0x0000000709600000, 0x0000000709600000, 0x0000000709800000|  0%| F|  |TAMS 0x0000000709600000| PB 0x0000000709600000| Untracked |  0
|  76|0x0000000709800000, 0x0000000709800000, 0x0000000709a00000|  0%| F|  |TAMS 0x0000000709800000| PB 0x0000000709800000| Untracked |  0
|  77|0x0000000709a00000, 0x0000000709a00000, 0x0000000709c00000|  0%| F|  |TAMS 0x0000000709a00000| PB 0x0000000709a00000| Untracked |  0
|  78|0x0000000709c00000, 0x0000000709c00000, 0x0000000709e00000|  0%| F|  |TAMS 0x0000000709c00000| PB 0x0000000709c00000| Untracked |  0
|  79|0x0000000709e00000, 0x0000000709e00000, 0x000000070a000000|  0%| F|  |TAMS 0x0000000709e00000| PB 0x0000000709e00000| Untracked |  0
|  80|0x000000070a000000, 0x000000070a000000, 0x000000070a200000|  0%| F|  |TAMS 0x000000070a000000| PB 0x000000070a000000| Untracked |  0
|  81|0x000000070a200000, 0x000000070a200000, 0x000000070a400000|  0%| F|  |TAMS 0x000000070a200000| PB 0x000000070a200000| Untracked |  0
|  82|0x000000070a400000, 0x000000070a400000, 0x000000070a600000|  0%| F|  |TAMS 0x000000070a400000| PB 0x000000070a400000| Untracked |  0
|  83|0x000000070a600000, 0x000000070a600000, 0x000000070a800000|  0%| F|  |TAMS 0x000000070a600000| PB 0x000000070a600000| Untracked |  0
|  84|0x000000070a800000, 0x000000070a800000, 0x000000070aa00000|  0%| F|  |TAMS 0x000000070a800000| PB 0x000000070a800000| Untracked |  0
|  85|0x000000070aa00000, 0x000000070aa00000, 0x000000070ac00000|  0%| F|  |TAMS 0x000000070aa00000| PB 0x000000070aa00000| Untracked |  0
|  86|0x000000070ac00000, 0x000000070ac00000, 0x000000070ae00000|  0%| F|  |TAMS 0x000000070ac00000| PB 0x000000070ac00000| Untracked |  0
|  87|0x000000070ae00000, 0x000000070ae00000, 0x000000070b000000|  0%| F|  |TAMS 0x000000070ae00000| PB 0x000000070ae00000| Untracked |  0
|  88|0x000000070b000000, 0x000000070b000000, 0x000000070b200000|  0%| F|  |TAMS 0x000000070b000000| PB 0x000000070b000000| Untracked |  0
|  89|0x000000070b200000, 0x000000070b200000, 0x000000070b400000|  0%| F|  |TAMS 0x000000070b200000| PB 0x000000070b200000| Untracked |  0
|  90|0x000000070b400000, 0x000000070b400000, 0x000000070b600000|  0%| F|  |TAMS 0x000000070b400000| PB 0x000000070b400000| Untracked |  0
|  91|0x000000070b600000, 0x000000070b600000, 0x000000070b800000|  0%| F|  |TAMS 0x000000070b600000| PB 0x000000070b600000| Untracked |  0
|  92|0x000000070b800000, 0x000000070b800000, 0x000000070ba00000|  0%| F|  |TAMS 0x000000070b800000| PB 0x000000070b800000| Untracked |  0
|  93|0x000000070ba00000, 0x000000070ba00000, 0x000000070bc00000|  0%| F|  |TAMS 0x000000070ba00000| PB 0x000000070ba00000| Untracked |  0
|  94|0x000000070bc00000, 0x000000070bc00000, 0x000000070be00000|  0%| F|  |TAMS 0x000000070bc00000| PB 0x000000070bc00000| Untracked |  0
|  95|0x000000070be00000, 0x000000070be00000, 0x000000070c000000|  0%| F|  |TAMS 0x000000070be00000| PB 0x000000070be00000| Untracked |  0
|  96|0x000000070c000000, 0x000000070c000000, 0x000000070c200000|  0%| F|  |TAMS 0x000000070c000000| PB 0x000000070c000000| Untracked |  0
|  97|0x000000070c200000, 0x000000070c200000, 0x000000070c400000|  0%| F|  |TAMS 0x000000070c200000| PB 0x000000070c200000| Untracked |  0
|  98|0x000000070c400000, 0x000000070c400000, 0x000000070c600000|  0%| F|  |TAMS 0x000000070c400000| PB 0x000000070c400000| Untracked |  0
|  99|0x000000070c600000, 0x000000070c600000, 0x000000070c800000|  0%| F|  |TAMS 0x000000070c600000| PB 0x000000070c600000| Untracked |  0
| 100|0x000000070c800000, 0x000000070c800000, 0x000000070ca00000|  0%| F|  |TAMS 0x000000070c800000| PB 0x000000070c800000| Untracked |  0
| 101|0x000000070ca00000, 0x000000070ca00000, 0x000000070cc00000|  0%| F|  |TAMS 0x000000070ca00000| PB 0x000000070ca00000| Untracked |  0
| 102|0x000000070cc00000, 0x000000070cc00000, 0x000000070ce00000|  0%| F|  |TAMS 0x000000070cc00000| PB 0x000000070cc00000| Untracked |  0
| 103|0x000000070ce00000, 0x000000070ce00000, 0x000000070d000000|  0%| F|  |TAMS 0x000000070ce00000| PB 0x000000070ce00000| Untracked |  0
| 104|0x000000070d000000, 0x000000070d000000, 0x000000070d200000|  0%| F|  |TAMS 0x000000070d000000| PB 0x000000070d000000| Untracked |  0
| 105|0x000000070d200000, 0x000000070d200000, 0x000000070d400000|  0%| F|  |TAMS 0x000000070d200000| PB 0x000000070d200000| Untracked |  0
| 106|0x000000070d400000, 0x000000070d400000, 0x000000070d600000|  0%| F|  |TAMS 0x000000070d400000| PB 0x000000070d400000| Untracked |  0
| 107|0x000000070d600000, 0x000000070d600000, 0x000000070d800000|  0%| F|  |TAMS 0x000000070d600000| PB 0x000000070d600000| Untracked |  0
| 108|0x000000070d800000, 0x000000070d800000, 0x000000070da00000|  0%| F|  |TAMS 0x000000070d800000| PB 0x000000070d800000| Untracked |  0
| 109|0x000000070da00000, 0x000000070da00000, 0x000000070dc00000|  0%| F|  |TAMS 0x000000070da00000| PB 0x000000070da00000| Untracked |  0
| 110|0x000000070dc00000, 0x000000070dc00000, 0x000000070de00000|  0%| F|  |TAMS 0x000000070dc00000| PB 0x000000070dc00000| Untracked |  0
| 111|0x000000070de00000, 0x000000070de00000, 0x000000070e000000|  0%| F|  |TAMS 0x000000070de00000| PB 0x000000070de00000| Untracked |  0
| 112|0x000000070e000000, 0x000000070e1eb968, 0x000000070e200000| 96%| E|  |TAMS 0x000000070e000000| PB 0x000000070e000000| Complete |  0
| 113|0x000000070e200000, 0x000000070e400000, 0x000000070e400000|100%| E|CS|TAMS 0x000000070e200000| PB 0x000000070e200000| Complete |  0
| 114|0x000000070e400000, 0x000000070e600000, 0x000000070e600000|100%| E|CS|TAMS 0x000000070e400000| PB 0x000000070e400000| Complete |  0
| 115|0x000000070e600000, 0x000000070e800000, 0x000000070e800000|100%| E|CS|TAMS 0x000000070e600000| PB 0x000000070e600000| Complete |  0
| 116|0x000000070e800000, 0x000000070ea00000, 0x000000070ea00000|100%| E|CS|TAMS 0x000000070e800000| PB 0x000000070e800000| Complete |  0
| 117|0x000000070ea00000, 0x000000070ec00000, 0x000000070ec00000|100%| E|CS|TAMS 0x000000070ea00000| PB 0x000000070ea00000| Complete |  0
| 118|0x000000070ec00000, 0x000000070ee00000, 0x000000070ee00000|100%| E|CS|TAMS 0x000000070ec00000| PB 0x000000070ec00000| Complete |  0
| 119|0x000000070ee00000, 0x000000070f000000, 0x000000070f000000|100%| E|CS|TAMS 0x000000070ee00000| PB 0x000000070ee00000| Complete |  0
| 120|0x000000070f000000, 0x000000070f200000, 0x000000070f200000|100%| E|  |TAMS 0x000000070f000000| PB 0x000000070f000000| Complete |  0
| 121|0x000000070f200000, 0x000000070f400000, 0x000000070f400000|100%| E|CS|TAMS 0x000000070f200000| PB 0x000000070f200000| Complete |  0
| 122|0x000000070f400000, 0x000000070f600000, 0x000000070f600000|100%| E|CS|TAMS 0x000000070f400000| PB 0x000000070f400000| Complete |  0
| 123|0x000000070f600000, 0x000000070f800000, 0x000000070f800000|100%| E|CS|TAMS 0x000000070f600000| PB 0x000000070f600000| Complete |  0
| 124|0x000000070f800000, 0x000000070fa00000, 0x000000070fa00000|100%| E|CS|TAMS 0x000000070f800000| PB 0x000000070f800000| Complete |  0
| 125|0x000000070fa00000, 0x000000070fc00000, 0x000000070fc00000|100%| E|CS|TAMS 0x000000070fa00000| PB 0x000000070fa00000| Complete |  0
| 126|0x000000070fc00000, 0x000000070fe00000, 0x000000070fe00000|100%| E|CS|TAMS 0x000000070fc00000| PB 0x000000070fc00000| Complete |  0
| 127|0x000000070fe00000, 0x0000000710000000, 0x0000000710000000|100%| E|CS|TAMS 0x000000070fe00000| PB 0x000000070fe00000| Complete |  0
|2047|0x00000007ffe00000, 0x00000007fff17a58, 0x0000000800000000| 54%| O|  |TAMS 0x00000007ffe00000| PB 0x00000007ffe00000| Untracked |  0

Card table byte_map: [0x0000000101e50000,0x0000000102650000] _byte_map_base: 0x00000000fe650000

Marking Bits: (CMBitMap*) 0x0000000141032010
 Bits: [0x000000011b2b0000, 0x000000011f2b0000)

Polling page: 0x0000000100f64000

Metaspace:

Usage:
  Non-class:     11.01 MB used.
      Class:      1.15 MB used.
       Both:     12.16 MB used.

Virtual space:
  Non-class space:       64.00 MB reserved,      11.19 MB ( 17%) committed,  1 nodes.
      Class space:        1.00 GB reserved,       1.25 MB ( <1%) committed,  1 nodes.
             Both:        1.06 GB reserved,      12.44 MB (  1%) committed. 

Chunk freelists:
   Non-Class:  4.42 MB
       Class:  14.71 MB
        Both:  19.14 MB

MaxMetaspaceSize: unlimited
CompressedClassSpaceSize: 1.00 GB
Initial GC threshold: 21.00 MB
Current GC threshold: 21.00 MB
CDS: on
 - commit_granule_bytes: 65536.
 - commit_granule_words: 8192.
 - virtual_space_node_default_size: 8388608.
 - enlarge_chunks_in_place: 1.
UseCompressedClassPointers 1, UseCompactObjectHeaders 0
Narrow klass pointer bits 32, Max shift 3
Narrow klass base: 0x0000070000000000, Narrow klass shift: 0
Encoding Range: [0x0000070000000000 - 0x0000070100000000), (4294967296 bytes)
Klass Range:    [0x0000070000000000 - 0x0000070041000000), (1090519040 bytes)
Klass ID Range:  [8 - 1090519033) (1090519025)


Internal statistics:

num_allocs_failed_limit: 0.
num_arena_births: 206.
num_arena_deaths: 0.
num_vsnodes_births: 2.
num_vsnodes_deaths: 0.
num_space_committed: 199.
num_space_uncommitted: 0.
num_chunks_returned_to_freelist: 0.
num_chunks_taken_from_freelist: 258.
num_chunk_merges: 0.
num_chunk_splits: 167.
num_chunks_enlarged: 103.
num_inconsistent_stats: 0.

CodeHeap 'non-profiled nmethods': size=120048Kb used=522Kb max_used=522Kb free=119525Kb
 bounds [0x0000000113d74000, 0x0000000113fe4000, 0x000000011b2b0000]
CodeHeap 'profiled nmethods': size=120016Kb used=3928Kb max_used=3928Kb free=116087Kb
 bounds [0x000000010c2b0000, 0x000000010c690000, 0x00000001137e4000]
CodeHeap 'non-nmethods': size=5696Kb used=1524Kb max_used=1575Kb free=4171Kb
 bounds [0x00000001137e4000, 0x0000000113a54000, 0x0000000113d74000]
CodeCache: size=245760Kb, used=5974Kb, max_used=6025Kb, free=239783Kb
 total_blobs=3010, nmethods=2234, adapters=684, full_count=0
Compilation: enabled, stopped_count=0, restarted_count=0

Compilation events (20 events):
Event: 5.256 Thread 0x000000014087d400 2229       4       sun.java2d.pipe.BufferedContext::validate (575 bytes)
Event: 5.277 Thread 0x000000014087d400 nmethod 2229 0x0000000113df0808 code [0x0000000113df0cc0, 0x0000000113df3c20]
Event: 5.277 Thread 0x000000014087d400 2236       4       java.lang.StringBuilder::length (5 bytes)
Event: 5.277 Thread 0x000000014087d400 nmethod 2236 0x0000000113df4088 code [0x0000000113df4180, 0x0000000113df4210]
Event: 5.277 Thread 0x000000014087d400 2237       4       java.lang.AbstractStringBuilder::append (77 bytes)
Event: 5.279 Thread 0x000000014087d400 nmethod 2237 0x0000000113df4248 code [0x0000000113df43c0, 0x0000000113df49f0]
Event: 5.279 Thread 0x000000014087d400 2235       4       java.awt.Component::getBackground (29 bytes)
Event: 5.279 Thread 0x000000014087d400 nmethod 2235 0x0000000113df4a48 code [0x0000000113df4b40, 0x0000000113df4bf8]
Event: 5.279 Thread 0x000000014087d400 2230   !   4       javax.swing.JComponent::getClientProperty (56 bytes)
Event: 5.280 Thread 0x000000014087d400 nmethod 2230 0x0000000113df4c08 code [0x0000000113df4d40, 0x0000000113df5048]
Event: 5.280 Thread 0x000000014087d400 2234       4       java.awt.Component::isVisible (5 bytes)
Event: 5.280 Thread 0x000000014087d400 nmethod 2234 0x0000000113df5088 code [0x0000000113df5180, 0x0000000113df5210]
Event: 5.280 Thread 0x000000014087d400 2233       4       java.lang.String::indexOf (41 bytes)
Event: 5.281 Thread 0x000000014087d400 nmethod 2233 0x0000000113df5248 code [0x0000000113df5340, 0x0000000113df54e8]
Event: 5.281 Thread 0x000000014087d400 2231       4       javax.swing.RepaintManager::currentManager (37 bytes)
Event: 5.282 Thread 0x000000014087d400 nmethod 2231 0x0000000113df5548 code [0x0000000113df56c0, 0x0000000113df5ef0]
Event: 5.282 Thread 0x000000014087d400 2232       4       sun.java2d.pipe.Region::getInstanceXYXY (12 bytes)
Event: 5.282 Thread 0x000000014087d400 nmethod 2232 0x0000000113df5f48 code [0x0000000113df6040, 0x0000000113df6148]
Event: 5.282 Thread 0x000000014087d400 2238       4       java.lang.StringBuilder::toString (20 bytes)
Event: 5.284 Thread 0x000000014087d400 nmethod 2238 0x0000000113df6188 code [0x0000000113df6300, 0x0000000113df6a28]

GC Heap History (0 events):
No events

Dll operation events (9 events):
Event: 0.004 Loaded shared library /Applications/Apache NetBeans.app/Contents/Home/lib/libjava.dylib
Event: 0.023 Loaded shared library /Applications/Apache NetBeans.app/Contents/Home/lib/libnio.dylib
Event: 0.047 Loaded shared library /Applications/Apache NetBeans.app/Contents/Home/lib/libjimage.dylib
Event: 0.051 Loaded shared library /Applications/Apache NetBeans.app/Contents/Home/lib/libawt.dylib
Event: 0.052 Loaded shared library /Applications/Apache NetBeans.app/Contents/Home/lib/libawt_lwawt.dylib
Event: 0.064 Loaded shared library /Applications/Apache NetBeans.app/Contents/Home/lib/libfontmanager.dylib
Event: 0.183 Loaded shared library /Applications/Apache NetBeans.app/Contents/Home/lib/libosxui.dylib
Event: 0.296 Loaded shared library /Applications/Apache NetBeans.app/Contents/Home/lib/libzip.dylib
Event: 3.783 Loaded shared library /Applications/Apache NetBeans.app/Contents/Home/lib/libnet.dylib

Deoptimization events (20 events):
Event: 3.791 Thread 0x0000000130d23e00 Uncommon trap: trap_request=0xffffff4d fr.pc=0x0000000113d9eabc relative=0x000000000000043c
Event: 3.791 Thread 0x0000000130d23e00 Uncommon trap: reason=unstable_if action=reinterpret pc=0x0000000113d9eabc method=java.lang.String.substring(II)Ljava/lang/String; @ 31 c2
Event: 3.791 Thread 0x0000000130d23e00 DEOPT PACKING pc=0x0000000113d9eabc sp=0x0000000171c5d980
Event: 3.791 Thread 0x0000000130d23e00 DEOPT UNPACKING pc=0x00000001138f359c sp=0x0000000171c5d920 mode 2
Event: 3.821 Thread 0x0000000130d23e00 Uncommon trap: trap_request=0xffffff4d fr.pc=0x0000000113dc2fd4 relative=0x0000000000000f94
Event: 3.821 Thread 0x0000000130d23e00 Uncommon trap: reason=unstable_if action=reinterpret pc=0x0000000113dc2fd4 method=sun.java2d.marlin.MarlinCache.touchTile(IIII[I)V @ 78 c2
Event: 3.821 Thread 0x0000000130d23e00 DEOPT PACKING pc=0x0000000113dc2fd4 sp=0x0000000171c5c3f0
Event: 3.821 Thread 0x0000000130d23e00 DEOPT UNPACKING pc=0x00000001138f359c sp=0x0000000171c5c210 mode 2
Event: 3.925 Thread 0x0000000130d23e00 DEOPT PACKING pc=0x000000010c621a70 sp=0x0000000171c5de80
Event: 3.925 Thread 0x0000000130d23e00 DEOPT UNPACKING pc=0x0000000113825ebc sp=0x0000000171c5db00 mode 0
Event: 3.943 Thread 0x0000000130d23e00 DEOPT PACKING pc=0x000000010c4cd1c4 sp=0x0000000171c5cb00
Event: 3.943 Thread 0x0000000130d23e00 DEOPT UNPACKING pc=0x0000000113825ebc sp=0x0000000171c5c7c0 mode 0
Event: 4.900 Thread 0x0000000130d23e00 Uncommon trap: trap_request=0xffffff6e fr.pc=0x0000000113dd9d28 relative=0x00000000000003a8
Event: 4.900 Thread 0x0000000130d23e00 Uncommon trap: reason=loop_limit_check action=maybe_recompile pc=0x0000000113dd9d28 method=java.awt.geom.AffineTransform.transform([DI[DII)V @ 516 c2
Event: 4.900 Thread 0x0000000130d23e00 DEOPT PACKING pc=0x0000000113dd9d28 sp=0x0000000171c5ca70
Event: 4.900 Thread 0x0000000130d23e00 DEOPT UNPACKING pc=0x00000001138f359c sp=0x0000000171c5c9a0 mode 2
Event: 4.901 Thread 0x0000000130d23e00 DEOPT PACKING pc=0x000000010c52af78 sp=0x0000000171c5c930
Event: 4.901 Thread 0x0000000130d23e00 DEOPT UNPACKING pc=0x0000000113825ebc sp=0x0000000171c5c4d0 mode 0
Event: 5.080 Thread 0x0000000130d23e00 DEOPT PACKING pc=0x000000010c4bcea4 sp=0x0000000171c5cb40
Event: 5.080 Thread 0x0000000130d23e00 DEOPT UNPACKING pc=0x0000000113825ebc sp=0x0000000171c5c700 mode 0

Classes loaded (20 events):
Event: 3.823 Loading class java/lang/invoke/BoundMethodHandle$Species_LLJJ
Event: 3.823 Loading class java/lang/invoke/BoundMethodHandle$Species_LLJJ done
Event: 3.825 Loading class java/lang/FdLibm$Acos
Event: 3.825 Loading class java/lang/FdLibm$Acos done
Event: 3.829 Loading class sun/font/StrikeCache$WeakDisposerRef
Event: 3.829 Loading class sun/font/StrikeCache$WeakDisposerRef done
Event: 3.831 Loading class java/util/WeakHashMap$Values
Event: 3.831 Loading class java/util/WeakHashMap$Values done
Event: 3.831 Loading class java/util/WeakHashMap$ValueIterator
Event: 3.831 Loading class java/util/WeakHashMap$ValueIterator done
Event: 3.836 Loading class sun/java2d/pipe/RegionSpanIterator
Event: 3.836 Loading class sun/java2d/pipe/SpanIterator
Event: 3.836 Loading class sun/java2d/pipe/SpanIterator done
Event: 3.836 Loading class sun/java2d/pipe/RegionSpanIterator done
Event: 3.914 Loading class java/lang/Throwable$WrappedPrintStream
Event: 3.914 Loading class java/lang/Throwable$PrintStreamOrWriter
Event: 3.914 Loading class java/lang/Throwable$PrintStreamOrWriter done
Event: 3.914 Loading class java/lang/Throwable$WrappedPrintStream done
Event: 3.914 Loading class java/lang/StackTraceElement$HashedModules
Event: 3.914 Loading class java/lang/StackTraceElement$HashedModules done

Classes unloaded (0 events):
No events

Classes redefined (0 events):
No events

Internal exceptions (20 events):
Event: 0.274 Thread 0x0000000130d23e00 Exception <a 'java/lang/NoSuchMethodError'{0x000000070f781d20}: 'java.lang.Object java.lang.invoke.DirectMethodHandle$Holder.invokeStatic(java.lang.Object, java.lang.Object, java.lang.Object, java.lang.Object, int)'> (0x000000070f781d20) 
thrown [src/hotspot/share/interpreter/linkResolver.cpp, line 805]
Event: 0.274 Thread 0x0000000130d23e00 Exception <a 'java/lang/NoSuchMethodError'{0x000000070f79c068}: 'int java.lang.invoke.DirectMethodHandle$Holder.invokeSpecial(java.lang.Object, java.lang.Object, java.lang.Object)'> (0x000000070f79c068) 
thrown [src/hotspot/share/interpreter/linkResolver.cpp, line 805]
Event: 0.287 Thread 0x0000000130d23e00 Exception <a 'java/io/FileNotFoundException'{0x000000070f7ec9b0}> (0x000000070f7ec9b0) 
thrown [src/hotspot/share/prims/jni.cpp, line 518]
Event: 0.325 Thread 0x0000000130d23e00 Exception <a 'java/lang/NoSuchMethodError'{0x000000070f221c28}: 'void java.lang.invoke.Invokers$Holder.invokeExact_MT(java.lang.Object, java.lang.Object, java.lang.Object, java.lang.Object)'> (0x000000070f221c28) 
thrown [src/hotspot/share/interpreter/linkResolver.cpp, line 805]
Event: 0.328 Thread 0x0000000130d23e00 Exception <a 'java/lang/NoSuchMethodError'{0x000000070f23b288}: 'java.lang.Object java.lang.invoke.DirectMethodHandle$Holder.newInvokeSpecial(java.lang.Object, java.lang.Object, java.lang.Object, int, java.lang.Object)'> (0x000000070f23b288) 
thrown [src/hotspot/share/interpreter/linkResolver.cpp, line 805]
Event: 0.328 Thread 0x0000000130d23e00 Exception <a 'java/lang/NoSuchMethodError'{0x000000070f24ba68}: 'java.lang.Object java.lang.invoke.Invokers$Holder.linkToTargetMethod(java.lang.Object, java.lang.Object, int, java.lang.Object, java.lang.Object)'> (0x000000070f24ba68) 
thrown [src/hotspot/share/interpreter/linkResolver.cpp, line 805]
Event: 0.339 Thread 0x0000000130d23e00 Exception <a 'java/lang/NoSuchMethodError'{0x000000070f254310}: 'void java.lang.invoke.DirectMethodHandle$Holder.invokeStatic(java.lang.Object, int, long)'> (0x000000070f254310) 
thrown [src/hotspot/share/interpreter/linkResolver.cpp, line 805]
Event: 0.346 Thread 0x0000000130d23e00 Exception <a 'java/lang/NoSuchMethodError'{0x000000070f2a3a48}: 'java.lang.Object java.lang.invoke.Invokers$Holder.linkToTargetMethod(int, int, int, int, java.lang.Object)'> (0x000000070f2a3a48) 
thrown [src/hotspot/share/interpreter/linkResolver.cpp, line 805]
Event: 0.346 Thread 0x0000000130d23e00 Exception <a 'java/lang/NoSuchMethodError'{0x000000070f2abf80}: 'void java.lang.invoke.DirectMethodHandle$Holder.invokeStatic(java.lang.Object, java.lang.Object, long)'> (0x000000070f2abf80) 
thrown [src/hotspot/share/interpreter/linkResolver.cpp, line 805]
Event: 0.353 Thread 0x0000000121821600 Exception <a 'java/lang/NoSuchMethodError'{0x000000070f03bf48}: 'void java.lang.invoke.DirectMethodHandle$Holder.invokeSpecial(java.lang.Object, java.lang.Object, long)'> (0x000000070f03bf48) 
thrown [src/hotspot/share/interpreter/linkResolver.cpp, line 805]
Event: 0.354 Thread 0x0000000121821600 Exception <a 'java/lang/NoSuchMethodError'{0x000000070f07cd58}: 'void java.lang.invoke.DelegatingMethodHandle$Holder.reinvoke_L(java.lang.Object, java.lang.Object, java.lang.Object, java.lang.Object, long, long, float)'> (0x000000070f07cd58) 
thrown [src/hotspot/share/interpreter/linkResolver.cpp, line 805]
Event: 0.377 Thread 0x0000000121821600 Exception <a 'java/lang/NoSuchMethodError'{0x000000070f09d798}: 'void java.lang.invoke.DirectMethodHandle$Holder.invokeStatic(java.lang.Object, long)'> (0x000000070f09d798) 
thrown [src/hotspot/share/interpreter/linkResolver.cpp, line 805]
Event: 0.549 Thread 0x0000000130d23e00 Exception <a 'java/lang/NoSuchMethodError'{0x000000070f1659c0}: 'void java.lang.invoke.DirectMethodHandle$Holder.invokeStatic(java.lang.Object, long, long)'> (0x000000070f1659c0) 
thrown [src/hotspot/share/interpreter/linkResolver.cpp, line 805]
Event: 0.549 Thread 0x0000000121821600 Exception <a 'java/lang/NoSuchMethodError'{0x000000070f0d1d80}: 'void java.lang.invoke.DelegatingMethodHandle$Holder.reinvoke_L(java.lang.Object, java.lang.Object, java.lang.Object, java.lang.Object, long, long, double)'> (0x000000070f0d1d80) 
thrown [src/hotspot/share/interpreter/linkResolver.cpp, line 805]
Event: 0.549 Thread 0x0000000130d23e00 Exception <a 'java/lang/NoSuchMethodError'{0x000000070f1747e8}: 'java.lang.Object java.lang.invoke.DirectMethodHandle$Holder.newInvokeSpecial(java.lang.Object, long)'> (0x000000070f1747e8) 
thrown [src/hotspot/share/interpreter/linkResolver.cpp, line 805]
Event: 3.822 Thread 0x0000000130d23e00 Exception <a 'java/lang/NoSuchMethodError'{0x000000070ea303c0}: 'int java.lang.invoke.DelegatingMethodHandle$Holder.reinvoke_L(java.lang.Object, java.lang.Object, java.lang.Object, java.lang.Object, long, long)'> (0x000000070ea303c0) 
thrown [src/hotspot/share/interpreter/linkResolver.cpp, line 805]
Event: 3.912 Thread 0x0000000130d23e00 StackOverflowError at 0x0000000113d92688
Event: 3.912 Thread 0x0000000130d23e00 Exception <a 'java/lang/StackOverflowError'{0x000000070e7237f8}> (0x000000070e7237f8) 
thrown [src/hotspot/share/runtime/sharedRuntime.cpp, line 678]
Event: 5.274 Thread 0x0000000130d23e00 StackOverflowError at 0x0000000113dd47a8
Event: 5.274 Thread 0x0000000130d23e00 Exception <a 'java/lang/StackOverflowError'{0x000000070e0f6598}> (0x000000070e0f6598) 
thrown [src/hotspot/share/runtime/sharedRuntime.cpp, line 678]

VM Operations (8 events):
Event: 0.037 Executing VM operation: HandshakeAllThreads (Deoptimize)
Event: 0.037 Executing VM operation: HandshakeAllThreads (Deoptimize) done
Event: 0.183 Executing VM operation: HandshakeAllThreads (Deoptimize)
Event: 0.183 Executing VM operation: HandshakeAllThreads (Deoptimize) done
Event: 0.241 Executing VM operation: HandshakeAllThreads (Deoptimize)
Event: 0.241 Executing VM operation: HandshakeAllThreads (Deoptimize) done
Event: 0.307 Executing VM operation: HandshakeAllThreads (Deoptimize)
Event: 0.307 Executing VM operation: HandshakeAllThreads (Deoptimize) done

Memory protections (20 events):
Event: 0.021 Protecting memory [0x0000000170b7c000,0x0000000170b88000] with protection modes 0
Event: 0.021 Protecting memory [0x0000000170d88000,0x0000000170d94000] with protection modes 0
Event: 0.035 Protecting memory [0x0000000170f94000,0x0000000170fa0000] with protection modes 0
Event: 0.042 Protecting memory [0x00000001711a0000,0x00000001711ac000] with protection modes 0
Event: 0.066 Protecting memory [0x000000016e6b4000,0x000000016e6c0000] with protection modes 0
Event: 0.102 Protecting memory [0x00000001713ac000,0x00000001713b8000] with protection modes 0
Event: 0.232 Protecting memory [0x0000000171644000,0x0000000171650000] with protection modes 0
Event: 0.240 Protecting memory [0x0000000171850000,0x000000017185c000] with protection modes 0
Event: 0.262 Protecting memory [0x0000000171a5c000,0x0000000171a68000] with protection modes 0
Event: 0.262 Protecting memory [0x000000016ef3c000,0x000000016ef48000] with protection modes 3
Event: 0.262 Protecting memory [0x000000016ef3c000,0x000000016ef48000] with protection modes 0
Event: 0.289 Protecting memory [0x0000000171c68000,0x0000000171c74000] with protection modes 0
Event: 1.367 Protecting memory [0x000000029f504000,0x000000029f510000] with protection modes 0
Event: 3.811 Protecting memory [0x00000002a09f4000,0x00000002a0a00000] with protection modes 0
Event: 3.912 Protecting memory [0x0000000171a60000,0x0000000171a68000] with protection modes 3
Event: 3.912 Protecting memory [0x0000000171a60000,0x0000000171a68000] with protection modes 0
Event: 5.181 Protecting memory [0x00000002aa09c000,0x00000002aa0a8000] with protection modes 0
Event: 5.182 Protecting memory [0x00000002aa2a8000,0x00000002aa2b4000] with protection modes 0
Event: 5.274 Protecting memory [0x0000000171a60000,0x0000000171a68000] with protection modes 3
Event: 5.274 Protecting memory [0x0000000171a60000,0x0000000171a68000] with protection modes 0

Nmethod flushes (0 events):
No events

Events (20 events):
Event: 0.021 Thread 0x000000014100ac00 Thread added: 0x000000014087bc00
Event: 0.021 Thread 0x000000014100ac00 Thread added: 0x0000000130809e00
Event: 0.021 Thread 0x000000014100ac00 Thread added: 0x000000014087c400
Event: 0.021 Thread 0x000000014100ac00 Thread added: 0x000000014087cc00
Event: 0.021 Thread 0x000000014100ac00 Thread added: 0x000000014087d400
Event: 0.021 Thread 0x000000014100ac00 Thread added: 0x0000000140885c00
Event: 0.035 Thread 0x000000014100ac00 Thread added: 0x0000000141053400
Event: 0.042 Thread 0x000000014100ac00 Thread added: 0x000000014104e800
Event: 0.066 Thread 0x0000000121821600 Thread added: 0x0000000121821600
Event: 0.102 Thread 0x0000000121821600 Thread added: 0x0000000140933a00
Event: 0.232 Thread 0x000000014100ac00 Thread added: 0x0000000141206e00
Event: 0.240 Thread 0x000000014100ac00 Thread added: 0x00000001411fe200
Event: 0.262 Thread 0x000000014100ac00 Thread added: 0x0000000130d23e00
Event: 0.262 Thread 0x000000014100ac00 Thread exited: 0x000000014100ac00
Event: 0.262 Thread 0x00000001409a3200 Thread added: 0x00000001409a3200
Event: 0.289 Thread 0x0000000130d23e00 Thread added: 0x0000000141056a00
Event: 1.367 Thread 0x0000000130d23e00 Thread added: 0x0000000140a72000
Event: 3.811 Thread 0x0000000130d23e00 Thread added: 0x0000000130dbfe00
Event: 5.181 Thread 0x0000000130d23e00 Thread added: 0x0000000130ddd000
Event: 5.182 Thread 0x0000000130d23e00 Thread added: 0x0000000140b11800


Dynamic libraries:
0x00000001013d8000 	/Applications/Apache NetBeans.app/Contents/Home/lib/libjli.dylib
0x000000019f0ab000 	/System/Library/Frameworks/ApplicationServices.framework/Versions/A/ApplicationServices
0x000000018d3c6000 	/System/Library/Frameworks/CoreGraphics.framework/Versions/A/CoreGraphics
0x0000000189c55000 	/System/Library/Frameworks/CoreText.framework/Versions/A/CoreText
0x000000019219f000 	/System/Library/Frameworks/ImageIO.framework/Versions/A/ImageIO
0x000000018daa4000 	/System/Library/Frameworks/ColorSync.framework/Versions/A/ColorSync
0x0000000197952000 	/System/Library/Frameworks/ApplicationServices.framework/Versions/A/Frameworks/ATS.framework/Versions/A/ATS
0x000000019b6af000 	/System/Library/Frameworks/CoreServices.framework/Versions/A/CoreServices
0x000000018dc53000 	/System/Library/Frameworks/ApplicationServices.framework/Versions/A/Frameworks/HIServices.framework/Versions/A/HIServices
0x000000019658b000 	/System/Library/Frameworks/ApplicationServices.framework/Versions/A/Frameworks/PrintCore.framework/Versions/A/PrintCore
0x0000000197d3b000 	/System/Library/Frameworks/ApplicationServices.framework/Versions/A/Frameworks/QD.framework/Versions/A/QD
0x0000000197d2f000 	/System/Library/Frameworks/ApplicationServices.framework/Versions/A/Frameworks/ColorSyncLegacy.framework/Versions/A/ColorSyncLegacy
0x0000000197922000 	/System/Library/Frameworks/ApplicationServices.framework/Versions/A/Frameworks/SpeechSynthesis.framework/Versions/A/SpeechSynthesis
0x00000001940be000 	/usr/lib/libSystem.B.dylib
0x000000018cf2e000 	/System/Library/PrivateFrameworks/SkyLight.framework/Versions/A/SkyLight
0x00000001940c4000 	/System/Library/PrivateFrameworks/SoftLinking.framework/Versions/A/SoftLinking
0x000000018a8ff000 	/usr/lib/libicucore.A.dylib
0x000000018f4c3000 	/System/Library/PrivateFrameworks/CoreAnalytics.framework/Versions/A/CoreAnalytics
0x0000000191d21000 	/System/Library/PrivateFrameworks/FontServices.framework/libFontParser.dylib
0x000000019b9b3000 	/System/Library/Frameworks/Accelerate.framework/Versions/A/Accelerate
0x0000000191966000 	/System/Library/Frameworks/IOSurface.framework/Versions/A/IOSurface
0x0000000190102000 	/usr/lib/libxml2.2.dylib
0x000000018ca91000 	/System/Library/Frameworks/CFNetwork.framework/Versions/A/CFNetwork
0x0000000187872000 	/System/Library/Frameworks/CoreFoundation.framework/Versions/A/CoreFoundation
0x000000018899f000 	/System/Library/Frameworks/Foundation.framework/Versions/C/Foundation
0x0000000194001000 	/usr/lib/libz.1.dylib
0x000000018743c000 	/usr/lib/libobjc.A.dylib
0x0000000187726000 	/usr/lib/libc++.1.dylib
0x000000018e7ed000 	/System/Library/PrivateFrameworks/RunningBoardServices.framework/Versions/A/RunningBoardServices
0x000000018ce81000 	/usr/lib/libMobileGestalt.dylib
0x00000001a1dd3000 	/System/Library/PrivateFrameworks/IOSurfaceAccelerator.framework/Versions/A/IOSurfaceAccelerator
0x0000000195f9d000 	/System/Library/PrivateFrameworks/WatchdogClient.framework/Versions/A/WatchdogClient
0x0000000194272000 	/usr/lib/libcompression.dylib
0x000000018f4f2000 	/usr/lib/libDiagnosticMessagesClient.dylib
0x0000000188628000 	/System/Library/Frameworks/SystemConfiguration.framework/Versions/A/SystemConfiguration
0x00000001897ca000 	/System/Library/Frameworks/CoreDisplay.framework/Versions/A/CoreDisplay
0x00000001932f1000 	/System/Library/PrivateFrameworks/IOMobileFramebuffer.framework/Versions/A/IOMobileFramebuffer
0x0000000191bda000 	/System/Library/Frameworks/CoreMedia.framework/Versions/A/CoreMedia
0x000000019197e000 	/System/Library/PrivateFrameworks/IOAccelerator.framework/Versions/A/IOAccelerator
0x000000018af49000 	/System/Library/Frameworks/IOKit.framework/Versions/A/IOKit
0x0000000191988000 	/System/Library/Frameworks/Metal.framework/Versions/A/Metal
0x00000001901ec000 	/System/Library/Frameworks/CoreVideo.framework/Versions/A/CoreVideo
0x000000019426a000 	/System/Library/Frameworks/MetalPerformanceShaders.framework/Versions/A/MetalPerformanceShaders
0x0000000195fa1000 	/System/Library/PrivateFrameworks/MultitouchSupport.framework/Versions/A/MultitouchSupport
0x000000018a53d000 	/System/Library/Frameworks/Security.framework/Versions/A/Security
0x000000018f9c4000 	/System/Library/Frameworks/QuartzCore.framework/Versions/A/QuartzCore
0x0000000193608000 	/usr/lib/libbsm.0.dylib
0x0000000195fe0000 	/System/Library/Frameworks/VideoToolbox.framework/Versions/A/VideoToolbox
0x0000000190287000 	/System/Library/PrivateFrameworks/UserManagement.framework/Versions/A/UserManagement
0x000000018e71c000 	/System/Library/PrivateFrameworks/BaseBoard.framework/Versions/A/BaseBoard
0x0000000190079000 	/System/Library/Frameworks/CoreServices.framework/Versions/A/Frameworks/FSEvents.framework/Versions/A/FSEvents
0x000000018abc3000 	/System/Library/Frameworks/CoreServices.framework/Versions/A/Frameworks/CarbonCore.framework/Versions/A/CarbonCore
0x000000018f53b000 	/System/Library/Frameworks/CoreServices.framework/Versions/A/Frameworks/Metadata.framework/Versions/A/Metadata
0x0000000193ced000 	/System/Library/Frameworks/CoreServices.framework/Versions/A/Frameworks/OSServices.framework/Versions/A/OSServices
0x000000019419d000 	/System/Library/Frameworks/CoreServices.framework/Versions/A/Frameworks/SearchKit.framework/Versions/A/SearchKit
0x000000018e84f000 	/System/Library/Frameworks/CoreServices.framework/Versions/A/Frameworks/AE.framework/Versions/A/AE
0x0000000187d4a000 	/System/Library/Frameworks/CoreServices.framework/Versions/A/Frameworks/LaunchServices.framework/Versions/A/LaunchServices
0x00000001954b7000 	/System/Library/Frameworks/CoreServices.framework/Versions/A/Frameworks/DictionaryServices.framework/Versions/A/DictionaryServices
0x0000000190086000 	/System/Library/Frameworks/CoreServices.framework/Versions/A/Frameworks/SharedFileList.framework/Versions/A/SharedFileList
0x000000019423c000 	/usr/lib/libapple_nghttp2.dylib
0x000000018e4d1000 	/usr/lib/libsqlite3.dylib
0x000000018e8d6000 	/System/Library/Frameworks/Network.framework/Versions/A/Network
0x000000018aec8000 	/System/Library/PrivateFrameworks/CoreServicesInternal.framework/Versions/A/CoreServicesInternal
0x000000019408d000 	/usr/lib/liboah.dylib
0x00000001940c0000 	/usr/lib/libfakelink.dylib
0x00000001877b4000 	/usr/lib/libc++abi.dylib
0x00000001940b8000 	/usr/lib/system/libcache.dylib
0x0000000194073000 	/usr/lib/system/libcommonCrypto.dylib
0x000000019409f000 	/usr/lib/system/libcompiler_rt.dylib
0x0000000194095000 	/usr/lib/system/libcopyfile.dylib
0x0000000187587000 	/usr/lib/system/libcorecrypto.dylib
0x000000018765d000 	/usr/lib/system/libdispatch.dylib
0x0000000187818000 	/usr/lib/system/libdyld.dylib
0x00000001940ae000 	/usr/lib/system/libkeymgr.dylib
0x000000019404b000 	/usr/lib/system/libmacho.dylib
0x00000001935e1000 	/usr/lib/system/libquarantine.dylib
0x00000001940ab000 	/usr/lib/system/libremovefile.dylib
0x000000018cef5000 	/usr/lib/system/libsystem_asl.dylib
0x0000000187520000 	/usr/lib/system/libsystem_blocks.dylib
0x00000001876a7000 	/usr/lib/system/libsystem_c.dylib
0x00000001940a3000 	/usr/lib/system/libsystem_collections.dylib
0x00000001928bd000 	/usr/lib/system/libsystem_configuration.dylib
0x000000019193c000 	/usr/lib/system/libsystem_containermanager.dylib
0x0000000193ce7000 	/usr/lib/system/libsystem_coreservices.dylib
0x000000018abb8000 	/usr/lib/system/libsystem_darwin.dylib
0x0000000228d61000 	/usr/lib/system/libsystem_darwindirectory.dylib
0x00000001940af000 	/usr/lib/system/libsystem_dnssd.dylib
0x00000001876a4000 	/usr/lib/system/libsystem_featureflags.dylib
0x0000000187845000 	/usr/lib/system/libsystem_info.dylib
0x0000000194010000 	/usr/lib/system/libsystem_m.dylib
0x0000000187626000 	/usr/lib/system/libsystem_malloc.dylib
0x000000018ce65000 	/usr/lib/system/libsystem_networkextension.dylib
0x000000018b02b000 	/usr/lib/system/libsystem_notify.dylib
0x00000001928c2000 	/usr/lib/system/libsystem_sandbox.dylib
0x00000001940a8000 	/usr/lib/system/libsystem_secinit.dylib
0x00000001877d0000 	/usr/lib/system/libsystem_kernel.dylib
0x000000018783e000 	/usr/lib/system/libsystem_platform.dylib
0x000000018780b000 	/usr/lib/system/libsystem_pthread.dylib
0x000000018e8cd000 	/usr/lib/system/libsystem_symptoms.dylib
0x000000018756c000 	/usr/lib/system/libsystem_trace.dylib
0x0000000194081000 	/usr/lib/system/libunwind.dylib
0x0000000187525000 	/usr/lib/system/libxpc.dylib
0x000000018ce7f000 	/usr/lib/libenergytrace.dylib
0x0000000194053000 	/usr/lib/system/libkxld.dylib
0x00000001900b8000 	/System/Library/PrivateFrameworks/CoreAutoLayout.framework/Versions/A/CoreAutoLayout
0x000000018f5d6000 	/System/Library/Frameworks/DiskArbitration.framework/Versions/A/DiskArbitration
0x0000000194114000 	/usr/lib/libarchive.2.dylib
0x00000001928ce000 	/usr/lib/liblangid.dylib
0x0000000199596000 	/System/Library/Frameworks/Combine.framework/Versions/A/Combine
0x00000001fe3d2000 	/System/Library/PrivateFrameworks/CollectionsInternal.framework/Versions/A/CollectionsInternal
0x0000000213ba1000 	/System/Library/PrivateFrameworks/ReflectionInternal.framework/Versions/A/ReflectionInternal
0x000000021414e000 	/System/Library/PrivateFrameworks/RuntimeInternal.framework/Versions/A/RuntimeInternal
0x00000001970e1000 	/usr/lib/swift/libswiftCore.dylib
0x00000001ac6dc000 	/usr/lib/swift/libswiftCoreFoundation.dylib
0x00000001aa374000 	/usr/lib/swift/libswiftDarwin.dylib
0x000000019cd23000 	/usr/lib/swift/libswiftDispatch.dylib
0x00000001ac729000 	/usr/lib/swift/libswiftIOKit.dylib
0x000000019f517000 	/usr/lib/swift/libswiftObjectiveC.dylib
0x00000001ac6f2000 	/usr/lib/swift/libswiftXPC.dylib
0x0000000228a34000 	/usr/lib/swift/libswift_Concurrency.dylib
0x0000000228b7d000 	/usr/lib/swift/libswift_StringProcessing.dylib
0x000000019f51b000 	/usr/lib/swift/libswiftos.dylib
0x00000001928ca000 	/System/Library/PrivateFrameworks/AppleSystemInfo.framework/Versions/A/AppleSystemInfo
0x00000001940c5000 	/usr/lib/libpcap.A.dylib
0x000000018e8c3000 	/usr/lib/libdns_services.dylib
0x000000018e4b7000 	/System/Library/PrivateFrameworks/ProtocolBuffer.framework/Versions/A/ProtocolBuffer
0x0000000195527000 	/usr/lib/libcoretls_cfhelpers.dylib
0x000000018ca90000 	/usr/lib/libnetwork.dylib
0x000000019550e000 	/usr/lib/liblzma.5.dylib
0x00000001935f0000 	/usr/lib/libcoretls.dylib
0x00000002274ca000 	/usr/lib/libCoreEntitlements.dylib
0x000000020eeec000 	/System/Library/PrivateFrameworks/MessageSecurity.framework/Versions/A/MessageSecurity
0x0000000193c16000 	/System/Library/PrivateFrameworks/AppleFSCompression.framework/Versions/A/AppleFSCompression
0x000000019426c000 	/usr/lib/libpam.2.dylib
0x0000000195598000 	/usr/lib/libxar.1.dylib
0x000000019597f000 	/usr/lib/libheimdal-asn1.dylib
0x0000000193cda000 	/usr/lib/libbz2.1.0.dylib
0x0000000228ad1000 	/usr/lib/swift/libswift_RegexParser.dylib
0x00000001940fb000 	/usr/lib/libiconv.2.dylib
0x0000000194047000 	/usr/lib/libcharset.1.dylib
0x00000001935e4000 	/usr/lib/libCheckFix.dylib
0x000000018cf0d000 	/System/Library/PrivateFrameworks/TCC.framework/Versions/A/TCC
0x00000001928d0000 	/System/Library/PrivateFrameworks/CoreNLP.framework/Versions/A/CoreNLP
0x000000018f4f4000 	/System/Library/PrivateFrameworks/MetadataUtilities.framework/Versions/A/MetadataUtilities
0x000000019361a000 	/usr/lib/libmecab.dylib
0x00000001886bb000 	/usr/lib/libCRFSuite.dylib
0x0000000193676000 	/usr/lib/libgermantok.dylib
0x0000000194214000 	/usr/lib/libThaiTokenizer.dylib
0x000000018f5df000 	/System/Library/Frameworks/Accelerate.framework/Versions/A/Frameworks/vImage.framework/Versions/A/vImage
0x000000019b686000 	/System/Library/Frameworks/Accelerate.framework/Versions/A/Frameworks/vecLib.framework/Versions/A/vecLib
0x00000001955df000 	/System/Library/Frameworks/Accelerate.framework/Versions/A/Frameworks/vecLib.framework/Versions/A/libvMisc.dylib
0x00000001931cd000 	/System/Library/Frameworks/Accelerate.framework/Versions/A/Frameworks/vecLib.framework/Versions/A/libvDSP.dylib
0x000000018814a000 	/System/Library/Frameworks/Accelerate.framework/Versions/A/Frameworks/vecLib.framework/Versions/A/libBLAS.dylib
0x0000000194345000 	/System/Library/Frameworks/Accelerate.framework/Versions/A/Frameworks/vecLib.framework/Versions/A/libLAPACK.dylib
0x0000000193679000 	/System/Library/Frameworks/Accelerate.framework/Versions/A/Frameworks/vecLib.framework/Versions/A/libLinearAlgebra.dylib
0x0000000194257000 	/System/Library/Frameworks/Accelerate.framework/Versions/A/Frameworks/vecLib.framework/Versions/A/libSparseBLAS.dylib
0x0000000194340000 	/System/Library/Frameworks/Accelerate.framework/Versions/A/Frameworks/vecLib.framework/Versions/A/libQuadrature.dylib
0x00000001929f2000 	/System/Library/Frameworks/Accelerate.framework/Versions/A/Frameworks/vecLib.framework/Versions/A/libBNNS.dylib
0x00000001885c1000 	/System/Library/Frameworks/Accelerate.framework/Versions/A/Frameworks/vecLib.framework/Versions/A/libSparse.dylib
0x000000020d762000 	/System/Library/PrivateFrameworks/MIL.framework/Versions/A/MIL
0x0000000190059000 	/System/Library/Frameworks/OpenDirectory.framework/Versions/A/Frameworks/CFOpenDirectory.framework/Versions/A/CFOpenDirectory
0x0000000190049000 	/System/Library/Frameworks/OpenDirectory.framework/Versions/A/OpenDirectory
0x0000000195529000 	/System/Library/PrivateFrameworks/APFS.framework/Versions/A/APFS
0x0000000193521000 	/System/Library/Frameworks/SecurityFoundation.framework/Versions/A/SecurityFoundation
0x00000001955a7000 	/usr/lib/libutil.dylib
0x000000020b949000 	/System/Library/PrivateFrameworks/InstalledContentLibrary.framework/Versions/A/InstalledContentLibrary
0x000000018af08000 	/System/Library/PrivateFrameworks/CoreServicesStore.framework/Versions/A/CoreServicesStore
0x00000001900b1000 	/usr/lib/libapp_launch_measurement.dylib
0x00000001fbf8a000 	/System/Library/PrivateFrameworks/AppleMobileFileIntegrity.framework/Versions/A/AppleMobileFileIntegrity
0x00000001ac6ba000 	/usr/lib/libmis.dylib
0x00000001bc1da000 	/System/Library/PrivateFrameworks/MobileSystemServices.framework/Versions/A/MobileSystemServices
0x00000001ed47b000 	/System/Library/PrivateFrameworks/ConfigProfileHelper.framework/Versions/A/ConfigProfileHelper
0x0000000194216000 	/System/Library/PrivateFrameworks/AppleSauce.framework/Versions/A/AppleSauce
0x00000001895e7000 	/System/Library/PrivateFrameworks/LanguageModeling.framework/Versions/A/LanguageModeling
0x00000001955ab000 	/usr/lib/libxslt.1.dylib
0x0000000194102000 	/usr/lib/libcmph.dylib
0x00000001932be000 	/System/Library/PrivateFrameworks/CoreEmoji.framework/Versions/A/CoreEmoji
0x00000001929ec000 	/System/Library/PrivateFrameworks/LinguisticData.framework/Versions/A/LinguisticData
0x00000001884d4000 	/System/Library/PrivateFrameworks/Lexicon.framework/Versions/A/Lexicon
0x00000001935af000 	/System/Library/PrivateFrameworks/BackgroundTaskManagement.framework/Versions/A/BackgroundTaskManagement
0x00000002276b3000 	/usr/lib/libTLE.dylib
0x00000001934fb000 	/System/Library/PrivateFrameworks/MobileKeyBag.framework/Versions/A/MobileKeyBag
0x00000001928c8000 	/System/Library/PrivateFrameworks/AggregateDictionary.framework/Versions/A/AggregateDictionary
0x00000001fbf0a000 	/System/Library/PrivateFrameworks/AppleKeyStore.framework/Versions/A/AppleKeyStore
0x0000000195e67000 	/System/Library/PrivateFrameworks/AppleJPEG.framework/Versions/A/AppleJPEG
0x0000000195964000 	/usr/lib/libexpat.1.dylib
0x0000000196461000 	/System/Library/Frameworks/ImageIO.framework/Versions/A/Resources/libPng.dylib
0x000000019648c000 	/System/Library/Frameworks/ImageIO.framework/Versions/A/Resources/libTIFF.dylib
0x0000000196577000 	/System/Library/Frameworks/ImageIO.framework/Versions/A/Resources/libGIF.dylib
0x0000000195ead000 	/System/Library/Frameworks/ImageIO.framework/Versions/A/Resources/libJP2.dylib
0x000000019565b000 	/usr/lib/libate.dylib
0x000000019651c000 	/System/Library/Frameworks/ImageIO.framework/Versions/A/Resources/libJPEG.dylib
0x0000000196513000 	/System/Library/Frameworks/ImageIO.framework/Versions/A/Resources/libRadiance.dylib
0x0000000207ab7000 	/System/Library/PrivateFrameworks/GPUCompiler.framework/Versions/32023/Libraries/libllvm-flatbuffers.dylib
0x00000001f0006000 	/System/Library/Frameworks/OpenGL.framework/Versions/A/Libraries/libCoreFSCache.dylib
0x0000000204cef000 	/System/Library/PrivateFrameworks/GPUCompiler.framework/Versions/32023/Libraries/libGPUCompilerUtils.dylib
0x000000019650e000 	/System/Library/PrivateFrameworks/GPUWrangler.framework/Versions/A/GPUWrangler
0x00000001964ee000 	/System/Library/PrivateFrameworks/IOPresentment.framework/Versions/A/IOPresentment
0x0000000196516000 	/System/Library/PrivateFrameworks/DSExternalDisplay.framework/Versions/A/DSExternalDisplay
0x000000019657d000 	/System/Library/PrivateFrameworks/CMCaptureCore.framework/Versions/A/CMCaptureCore
0x0000000195b4a000 	/usr/lib/libspindump.dylib
0x0000000189e49000 	/System/Library/Frameworks/CoreAudio.framework/Versions/A/CoreAudio
0x00000001f4dfc000 	/System/Library/Frameworks/ExtensionFoundation.framework/Versions/A/ExtensionFoundation
0x000000019d568000 	/System/Library/PrivateFrameworks/CoreTime.framework/Versions/A/CoreTime
0x0000000195b35000 	/System/Library/PrivateFrameworks/AppServerSupport.framework/Versions/A/AppServerSupport
0x000000019808f000 	/System/Library/PrivateFrameworks/perfdata.framework/Versions/A/perfdata
0x00000001898ee000 	/System/Library/PrivateFrameworks/AudioToolboxCore.framework/Versions/A/AudioToolboxCore
0x0000000191bb0000 	/System/Library/PrivateFrameworks/caulk.framework/Versions/A/caulk
0x000000019790a000 	/usr/lib/libAudioStatistics.dylib
0x00000001aba16000 	/System/Library/PrivateFrameworks/SystemPolicy.framework/Versions/A/SystemPolicy
0x0000000197be2000 	/usr/lib/libSMC.dylib
0x00000001a13cd000 	/System/Library/Frameworks/CoreMIDI.framework/Versions/A/CoreMIDI
0x0000000196428000 	/usr/lib/libAudioToolboxUtility.dylib
0x00000001a71b8000 	/System/Library/PrivateFrameworks/OSAServicesClient.framework/Versions/A/OSAServicesClient
0x000000019809d000 	/usr/lib/libperfcheck.dylib
0x000000019584e000 	/System/Library/PrivateFrameworks/PlugInKit.framework/Versions/A/PlugInKit
0x0000000193513000 	/System/Library/PrivateFrameworks/AssertionServices.framework/Versions/A/AssertionServices
0x00000001b80e8000 	/usr/lib/swift/libswiftMetal.dylib
0x00000001bbd13000 	/usr/lib/swift/libswiftQuartzCore.dylib
0x00000001af90c000 	/usr/lib/swift/libswiftsimd.dylib
0x00000001924ba000 	/System/Library/Frameworks/CoreImage.framework/Versions/A/CoreImage
0x00000001a04e1000 	/System/Library/PrivateFrameworks/ASEProcessing.framework/Versions/A/ASEProcessing
0x00000001c7e4b000 	/System/Library/PrivateFrameworks/Symbolication.framework/Versions/A/Symbolication
0x0000000212c0e000 	/System/Library/PrivateFrameworks/PhotosensitivityProcessing.framework/Versions/A/PhotosensitivityProcessing
0x00000001f0013000 	/System/Library/Frameworks/OpenGL.framework/Versions/A/OpenGL
0x0000000195ae7000 	/System/Library/PrivateFrameworks/GraphVisualizer.framework/Versions/A/GraphVisualizer
0x00000001f0068000 	/System/Library/Frameworks/OpenGL.framework/Versions/A/Libraries/libGLU.dylib
0x00000001f0027000 	/System/Library/Frameworks/OpenGL.framework/Versions/A/Libraries/libGFXShared.dylib
0x00000001f0200000 	/System/Library/Frameworks/OpenGL.framework/Versions/A/Libraries/libGL.dylib
0x00000001f0030000 	/System/Library/Frameworks/OpenGL.framework/Versions/A/Libraries/libGLImage.dylib
0x00000001f0024000 	/System/Library/Frameworks/OpenGL.framework/Versions/A/Libraries/libCVMSPluginSupport.dylib
0x000000022766c000 	/usr/lib/libRosetta.dylib
0x00000001f000d000 	/System/Library/Frameworks/OpenGL.framework/Versions/A/Libraries/libCoreVMClient.dylib
0x00000002030a9000 	/System/Library/PrivateFrameworks/FontServices.framework/Versions/A/FontServices
0x000000018c574000 	/System/Library/Frameworks/UniformTypeIdentifiers.framework/Versions/A/UniformTypeIdentifiers
0x0000000195af3000 	/System/Library/PrivateFrameworks/OTSVG.framework/Versions/A/OTSVG
0x000000018fd8d000 	/System/Library/Frameworks/ApplicationServices.framework/Versions/A/Frameworks/ATS.framework/Versions/A/Resources/libFontRegistry.dylib
0x0000000195b3f000 	/System/Library/PrivateFrameworks/FontServices.framework/libhvf.dylib
0x00000002030aa000 	/System/Library/PrivateFrameworks/FontServices.framework/libXTFontStaticRegistryData.dylib
0x000000019283f000 	/System/Library/Frameworks/MetalPerformanceShaders.framework/Versions/A/Frameworks/MPSCore.framework/Versions/A/MPSCore
0x0000000193b89000 	/System/Library/Frameworks/MetalPerformanceShaders.framework/Versions/A/Frameworks/MPSImage.framework/Versions/A/MPSImage
0x000000019368e000 	/System/Library/Frameworks/MetalPerformanceShaders.framework/Versions/A/Frameworks/MPSNeuralNetwork.framework/Versions/A/MPSNeuralNetwork
0x0000000193a7c000 	/System/Library/Frameworks/MetalPerformanceShaders.framework/Versions/A/Frameworks/MPSMatrix.framework/Versions/A/MPSMatrix
0x0000000193888000 	/System/Library/Frameworks/MetalPerformanceShaders.framework/Versions/A/Frameworks/MPSRayIntersector.framework/Versions/A/MPSRayIntersector
0x0000000193aab000 	/System/Library/Frameworks/MetalPerformanceShaders.framework/Versions/A/Frameworks/MPSNDArray.framework/Versions/A/MPSNDArray
0x00000001f64d4000 	/System/Library/Frameworks/MetalPerformanceShaders.framework/Versions/A/Frameworks/MPSFunctions.framework/Versions/A/MPSFunctions
0x00000001f64b6000 	/System/Library/Frameworks/MetalPerformanceShaders.framework/Versions/A/Frameworks/MPSBenchmarkLoop.framework/Versions/A/MPSBenchmarkLoop
0x0000000187fff000 	/System/Library/PrivateFrameworks/MetalTools.framework/Versions/A/MetalTools
0x00000001b0ac9000 	/System/Library/PrivateFrameworks/IOAccelMemoryInfo.framework/Versions/A/IOAccelMemoryInfo
0x00000001bc0e7000 	/System/Library/PrivateFrameworks/kperf.framework/Versions/A/kperf
0x00000001ac6ce000 	/System/Library/PrivateFrameworks/GPURawCounter.framework/Versions/A/GPURawCounter
0x000000019d458000 	/System/Library/PrivateFrameworks/CoreSymbolication.framework/Versions/A/CoreSymbolication
0x00000001ac68b000 	/System/Library/PrivateFrameworks/MallocStackLogging.framework/Versions/A/MallocStackLogging
0x00000001956f5000 	/System/Library/PrivateFrameworks/CrashReporterSupport.framework/Versions/A/CrashReporterSupport
0x000000019d413000 	/System/Library/PrivateFrameworks/DebugSymbols.framework/Versions/A/DebugSymbols
0x00000001bb425000 	/System/Library/PrivateFrameworks/OSAnalytics.framework/Versions/A/OSAnalytics
0x000000021ebe1000 	/System/Library/PrivateFrameworks/VideoToolboxParavirtualizationSupport.framework/Versions/A/VideoToolboxParavirtualizationSupport
0x0000000195918000 	/System/Library/PrivateFrameworks/AppleVA.framework/Versions/A/AppleVA
0x0000000196547000 	/System/Library/Frameworks/ApplicationServices.framework/Versions/A/Frameworks/ATSUI.framework/Versions/A/ATSUI
0x0000000197cc2000 	/usr/lib/libcups.2.dylib
0x00000001980ab000 	/System/Library/Frameworks/Kerberos.framework/Versions/A/Kerberos
0x00000001980bc000 	/System/Library/Frameworks/GSS.framework/Versions/A/GSS
0x00000001979d1000 	/usr/lib/libresolv.9.dylib
0x0000000195b50000 	/System/Library/PrivateFrameworks/Heimdal.framework/Versions/A/Heimdal
0x000000019f483000 	/System/Library/Frameworks/Kerberos.framework/Versions/A/Libraries/libHeimdalProxy.dylib
0x0000000198116000 	/System/Library/PrivateFrameworks/CommonAuth.framework/Versions/A/CommonAuth
0x00000001f3bfd000 	/System/Library/Frameworks/AVFAudio.framework/Versions/A/AVFAudio
0x00000001a7207000 	/System/Library/PrivateFrameworks/AXCoreUtilities.framework/Versions/A/AXCoreUtilities
0x000000019770f000 	/System/Library/Frameworks/AudioToolbox.framework/Versions/A/AudioToolbox
0x000000019788e000 	/System/Library/PrivateFrameworks/AudioSession.framework/Versions/A/AudioSession
0x0000000199339000 	/System/Library/Frameworks/IOBluetooth.framework/Versions/A/IOBluetooth
0x0000000195a23000 	/System/Library/PrivateFrameworks/MediaExperience.framework/Versions/A/MediaExperience
0x00000001976d1000 	/System/Library/PrivateFrameworks/AudioSession.framework/libSessionUtility.dylib
0x0000000197d47000 	/System/Library/PrivateFrameworks/AudioResourceArbitration.framework/Versions/A/AudioResourceArbitration
0x000000019c3dd000 	/System/Library/PrivateFrameworks/PowerLog.framework/Versions/A/PowerLog
0x000000018e0db000 	/System/Library/Frameworks/CoreData.framework/Versions/A/CoreData
0x000000019c300000 	/System/Library/Frameworks/CoreBluetooth.framework/Versions/A/CoreBluetooth
0x000000019f484000 	/System/Library/Frameworks/AudioUnit.framework/Versions/A/AudioUnit
0x000000019337e000 	/System/Library/PrivateFrameworks/CoreUtils.framework/Versions/A/CoreUtils
0x000000020151a000 	/System/Library/PrivateFrameworks/CoreUtilsExtras.framework/Versions/A/CoreUtilsExtras
0x000000020b7e0000 	/System/Library/PrivateFrameworks/IO80211.framework/Versions/A/IO80211
0x00000001a7222000 	/usr/lib/libAccessibility.dylib
0x000000019b9ff000 	/System/Library/Frameworks/MediaAccessibility.framework/Versions/A/MediaAccessibility
0x00000001a153e000 	/System/Library/Frameworks/Cocoa.framework/Versions/A/Cocoa
0x000000018b093000 	/System/Library/Frameworks/AppKit.framework/Versions/C/AppKit
0x000000018c3bf000 	/System/Library/PrivateFrameworks/UIFoundation.framework/Versions/A/UIFoundation
0x00000001fe3be000 	/System/Library/PrivateFrameworks/CollectionViewCore.framework/Versions/A/CollectionViewCore
0x000000019b26b000 	/System/Library/PrivateFrameworks/RemoteViewServices.framework/Versions/A/RemoteViewServices
0x000000019215e000 	/System/Library/PrivateFrameworks/XCTTargetBootstrap.framework/Versions/A/XCTTargetBootstrap
0x00000001966a9000 	/System/Library/PrivateFrameworks/InternationalSupport.framework/Versions/A/InternationalSupport
0x0000000196731000 	/System/Library/PrivateFrameworks/UserActivity.framework/Versions/A/UserActivity
0x0000000220727000 	/System/Library/PrivateFrameworks/WindowManagement.framework/Versions/A/WindowManagement
0x0000000192164000 	/System/Library/PrivateFrameworks/CoreSVG.framework/Versions/A/CoreSVG
0x00000001959a8000 	/System/Library/PrivateFrameworks/IconServices.framework/Versions/A/IconServices
0x0000000192146000 	/System/Library/PrivateFrameworks/DFRFoundation.framework/Versions/A/DFRFoundation
0x00000001966b6000 	/System/Library/PrivateFrameworks/DataDetectorsCore.framework/Versions/A/DataDetectorsCore
0x00000001af9a8000 	/System/Library/PrivateFrameworks/TextInput.framework/Versions/A/TextInput
0x0000000191e86000 	/System/Library/Frameworks/Carbon.framework/Versions/A/Frameworks/HIToolbox.framework/Versions/A/HIToolbox
0x000000019b2ab000 	/System/Library/Frameworks/Carbon.framework/Versions/A/Frameworks/SpeechRecognition.framework/Versions/A/SpeechRecognition
0x000000018fddf000 	/System/Library/PrivateFrameworks/CoreUI.framework/Versions/A/CoreUI
0x00000001a5513000 	/System/Library/PrivateFrameworks/RenderBox.framework/Versions/A/RenderBox
0x000000019003d000 	/System/Library/PrivateFrameworks/PerformanceAnalysis.framework/Versions/A/PerformanceAnalysis
0x000000019b62c000 	/System/Library/Frameworks/Accessibility.framework/Versions/A/Accessibility
0x00000001f4815000 	/System/Library/Frameworks/CoreTransferable.framework/Versions/A/CoreTransferable
0x00000001f4cf7000 	/System/Library/Frameworks/DeveloperToolsSupport.framework/Versions/A/DeveloperToolsSupport
0x00000001f8c45000 	/System/Library/Frameworks/Symbols.framework/Versions/A/Symbols
0x00000001aa36d000 	/usr/lib/swift/libswiftCoreGraphics.dylib
0x00000001ac728000 	/usr/lib/swift/libswiftCoreImage.dylib
0x00000001c4a92000 	/usr/lib/swift/libswiftOSLog.dylib
0x00000001bfd6a000 	/usr/lib/swift/libswiftUniformTypeIdentifiers.dylib
0x0000000196603000 	/System/Library/PrivateFrameworks/TextureIO.framework/Versions/A/TextureIO
0x000000019cf86000 	/System/Library/PrivateFrameworks/FrontBoardServices.framework/Versions/A/FrontBoardServices
0x000000019ea61000 	/System/Library/PrivateFrameworks/BackBoardServices.framework/Versions/A/BackBoardServices
0x000000019d040000 	/System/Library/PrivateFrameworks/BoardServices.framework/Versions/A/BoardServices
0x000000019598a000 	/System/Library/PrivateFrameworks/IconFoundation.framework/Versions/A/IconFoundation
0x000000019b297000 	/System/Library/PrivateFrameworks/SpeechRecognitionCore.framework/Versions/A/SpeechRecognitionCore
0x00000001cb24e000 	/System/Library/Frameworks/OSLog.framework/Versions/A/OSLog
0x00000001ac61b000 	/System/Library/PrivateFrameworks/LoggingSupport.framework/Versions/A/LoggingSupport
0x0000000102684000 	/Applications/Apache NetBeans.app/Contents/Home/lib/server/libjvm.dylib
0x0000000100f78000 	/Applications/Apache NetBeans.app/Contents/Home/lib/libjimage.dylib
0x0000000100fbc000 	/Applications/Apache NetBeans.app/Contents/Home/lib/libjava.dylib
0x000000010124c000 	/Applications/Apache NetBeans.app/Contents/Home/lib/libnio.dylib
0x000000010126c000 	/Applications/Apache NetBeans.app/Contents/Home/lib/libnet.dylib
0x00000001212b0000 	/Applications/Apache NetBeans.app/Contents/Home/lib/libawt.dylib
0x00000001f5a4c000 	/System/Library/Frameworks/JavaRuntimeSupport.framework/Versions/A/JavaRuntimeSupport
0x00000001ab3b2000 	/System/Library/Frameworks/Carbon.framework/Versions/A/Carbon
0x00000001a359a000 	/System/Library/Frameworks/Carbon.framework/Versions/A/Frameworks/CommonPanels.framework/Versions/A/CommonPanels
0x000000019ed99000 	/System/Library/Frameworks/Carbon.framework/Versions/A/Frameworks/Help.framework/Versions/A/Help
0x00000001a359e000 	/System/Library/Frameworks/Carbon.framework/Versions/A/Frameworks/ImageCapture.framework/Versions/A/ImageCapture
0x00000001a3572000 	/System/Library/Frameworks/Carbon.framework/Versions/A/Frameworks/OpenScripting.framework/Versions/A/OpenScripting
0x00000001a3596000 	/System/Library/Frameworks/Carbon.framework/Versions/A/Frameworks/Ink.framework/Versions/A/Ink
0x00000001a3592000 	/System/Library/Frameworks/Carbon.framework/Versions/A/Frameworks/SecurityHI.framework/Versions/A/SecurityHI
0x0000000121494000 	/Applications/Apache NetBeans.app/Contents/Home/lib/libawt_lwawt.dylib
0x00000001012b4000 	/Applications/Apache NetBeans.app/Contents/Home/lib/libosxapp.dylib
0x00000001aa3e9000 	/System/Library/Frameworks/ExceptionHandling.framework/Versions/A/ExceptionHandling
0x0000000130000000 	/Applications/Apache NetBeans.app/Contents/Home/lib/libfontmanager.dylib
0x00000001215c4000 	/Applications/Apache NetBeans.app/Contents/Home/lib/libfreetype.dylib
0x000000019c622000 	/System/Library/Frameworks/FileProvider.framework/Versions/A/FileProvider
0x000000018e682000 	/System/Library/Frameworks/Accounts.framework/Versions/A/Accounts
0x000000019c7ce000 	/System/Library/PrivateFrameworks/GenerationalStorage.framework/Versions/A/GenerationalStorage
0x000000019c3d1000 	/System/Library/PrivateFrameworks/SymptomDiagnosticReporter.framework/Versions/A/SymptomDiagnosticReporter
0x000000018c58a000 	/System/Library/PrivateFrameworks/DesktopServicesPriv.framework/Versions/A/DesktopServicesPriv
0x000000018b03c000 	/usr/lib/libsandbox.1.dylib
0x0000000197d22000 	/System/Library/PrivateFrameworks/NetAuth.framework/Versions/A/NetAuth
0x0000000198f9a000 	/System/Library/PrivateFrameworks/Sharing.framework/Versions/A/Sharing
0x000000019024a000 	/System/Library/PrivateFrameworks/login.framework/Versions/A/Frameworks/loginsupport.framework/Versions/A/loginsupport
0x000000019e89a000 	/System/Library/PrivateFrameworks/Apple80211.framework/Versions/A/Apple80211
0x0000000193d1f000 	/System/Library/PrivateFrameworks/AuthKit.framework/Versions/A/AuthKit
0x0000000193301000 	/System/Library/Frameworks/CoreWLAN.framework/Versions/A/CoreWLAN
0x00000001ac6d2000 	/usr/lib/swift/libswiftCoreAudio.dylib
0x00000001b1840000 	/usr/lib/swift/libswiftCoreLocation.dylib
0x00000001956ec000 	/usr/lib/libIOReport.dylib
0x000000019e89e000 	/System/Library/PrivateFrameworks/CoreWiFi.framework/Versions/A/CoreWiFi
0x00000001d2012000 	/System/Library/PrivateFrameworks/WiFiPeerToPeer.framework/Versions/A/WiFiPeerToPeer
0x0000000193eba000 	/System/Library/Frameworks/UserNotifications.framework/Versions/A/UserNotifications
0x0000000198253000 	/System/Library/PrivateFrameworks/CorePhoneNumbers.framework/Versions/A/CorePhoneNumbers
0x00000001979fe000 	/System/Library/PrivateFrameworks/MultiverseSupport.framework/Versions/A/MultiverseSupport
0x000000019ecef000 	/System/Library/PrivateFrameworks/RemoteServiceDiscovery.framework/Versions/A/RemoteServiceDiscovery
0x000000019c4fe000 	/System/Library/PrivateFrameworks/DiskManagement.framework/Versions/A/DiskManagement
0x000000019c405000 	/System/Library/PrivateFrameworks/AppleIDAuthSupport.framework/Versions/A/AppleIDAuthSupport
0x00000001f9ffc000 	/System/Library/PrivateFrameworks/AAAFoundation.framework/Versions/A/AAAFoundation
0x0000000198226000 	/System/Library/PrivateFrameworks/KeychainCircle.framework/Versions/A/KeychainCircle
0x000000019ed03000 	/System/Library/PrivateFrameworks/RemoteXPC.framework/Versions/A/RemoteXPC
0x000000019eda5000 	/usr/lib/libcsfde.dylib
0x0000000195894000 	/usr/lib/libCoreStorage.dylib
0x000000019c4ca000 	/System/Library/PrivateFrameworks/MediaKit.framework/Versions/A/MediaKit
0x000000019c412000 	/System/Library/Frameworks/DiscRecording.framework/Versions/A/DiscRecording
0x0000000199418000 	/System/Library/PrivateFrameworks/ProtectedCloudStorage.framework/Versions/A/ProtectedCloudStorage
0x000000019ed9d000 	/System/Library/PrivateFrameworks/EFILogin.framework/Versions/A/EFILogin
0x000000019c7f6000 	/System/Library/PrivateFrameworks/OctagonTrust.framework/Versions/A/OctagonTrust
0x000000019182b000 	/System/Library/Frameworks/CoreLocation.framework/Versions/A/CoreLocation
0x00000001996d3000 	/System/Library/PrivateFrameworks/GeoServices.framework/Versions/A/GeoServices
0x000000019769b000 	/System/Library/PrivateFrameworks/LocationSupport.framework/Versions/A/LocationSupport
0x0000000208746000 	/System/Library/PrivateFrameworks/GeoServicesCore.framework/Versions/A/GeoServicesCore
0x00000001a71fc000 	/System/Library/PrivateFrameworks/PhoneNumbers.framework/Versions/A/PhoneNumbers
0x000000019588c000 	/usr/lib/libMatch.1.dylib
0x00000001b501b000 	/System/Library/CoreServices/RawCamera.bundle/Contents/MacOS/RawCamera
0x0000000198129000 	/System/Library/PrivateFrameworks/MobileAsset.framework/Versions/A/MobileAsset
0x00000001fbd4a000 	/System/Library/PrivateFrameworks/AppleJPEGXL.framework/Versions/A/AppleJPEGXL
0x00000001b219c000 	/System/Library/PrivateFrameworks/SoftwareUpdateCoreSupport.framework/Versions/A/SoftwareUpdateCoreSupport
0x00000001b9513000 	/System/Library/PrivateFrameworks/SoftwareUpdateCoreConnect.framework/Versions/A/SoftwareUpdateCoreConnect
0x000000019f4aa000 	/System/Library/PrivateFrameworks/StreamingZip.framework/Versions/A/StreamingZip
0x00000001b1e51000 	/System/Library/PrivateFrameworks/MSUDataAccessor.framework/Versions/A/MSUDataAccessor
0x00000001ae116000 	/usr/lib/libbootpolicy.dylib
0x00000001bff56000 	/usr/lib/libpartition2_dynamic.dylib
0x00000001fd332000 	/System/Library/PrivateFrameworks/CMPhoto.framework/Versions/A/CMPhoto
0x000000019679d000 	/System/Library/Frameworks/MediaToolbox.framework/Versions/A/MediaToolbox
0x000000019c5ee000 	/System/Library/PrivateFrameworks/CoreAVCHD.framework/Versions/A/CoreAVCHD
0x000000019c5ea000 	/System/Library/PrivateFrameworks/Mangrove.framework/Versions/A/Mangrove
0x000000019cbf7000 	/System/Library/Frameworks/CoreTelephony.framework/Versions/A/CoreTelephony
0x000000019c5de000 	/System/Library/PrivateFrameworks/CoreAUC.framework/Versions/A/CoreAUC
0x000000019825d000 	/usr/lib/libTelephonyUtilDynamic.dylib
0x00000001b1826000 	/System/Library/Frameworks/Accelerate.framework/Versions/A/Frameworks/vImage.framework/Versions/A/Libraries/libCGInterfaces.dylib
0x00000001216c4000 	/usr/lib/libobjc-trampolines.dylib
0x0000000227393000 	/usr/lib/libAccessibilityBaseImplementations.dylib
0x0000000195c20000 	/System/Library/PrivateFrameworks/login.framework/Versions/A/login
0x000000019d159000 	/System/Library/Frameworks/LocalAuthentication.framework/Versions/A/LocalAuthentication
0x000000020d616000 	/System/Library/PrivateFrameworks/LocalAuthenticationCore.framework/Versions/A/LocalAuthenticationCore
0x000000019d1a6000 	/System/Library/Frameworks/LocalAuthentication.framework/Support/SharedUtils.framework/Versions/A/SharedUtils
0x000000019d0f4000 	/System/Library/Frameworks/CryptoTokenKit.framework/Versions/A/CryptoTokenKit
0x000000018ff2d000 	/System/Library/PrivateFrameworks/ViewBridge.framework/Versions/A/ViewBridge
0x00000001301d0000 	/Applications/Apache NetBeans.app/Contents/Home/lib/libosxui.dylib
0x00000001fa8c3000 	/System/Library/PrivateFrameworks/AccessibilityBundles.framework/Versions/A/AccessibilityBundles
0x00000001f0477000 	/System/Library/Extensions/AGXMetal13_3.bundle/Contents/MacOS/AGXMetal13_3
0x00000001a6153000 	/System/Library/PrivateFrameworks/IOGPU.framework/Versions/A/IOGPU
0x00000001356d8000 	/Applications/Apache NetBeans.app/Contents/Home/lib/libzip.dylib
0x000000021b3ba000 	/System/Library/PrivateFrameworks/TextInputUI.framework/Versions/A/TextInputUI
0x000000021b3c2000 	/System/Library/PrivateFrameworks/TextInputUIMacHelper.framework/Versions/A/TextInputUIMacHelper
0x000000019ba38000 	/System/Library/PrivateFrameworks/SystemAdministration.framework/Versions/A/SystemAdministration
0x000000019b25f000 	/System/Library/Frameworks/DirectoryService.framework/Versions/A/DirectoryService
0x000000019ebef000 	/System/Library/PrivateFrameworks/DiskImages.framework/Versions/A/DiskImages
0x00000001935d6000 	/System/Library/Frameworks/ServiceManagement.framework/Versions/A/ServiceManagement
0x000000019ee2e000 	/System/Library/PrivateFrameworks/LoginUIKit.framework/Versions/A/Frameworks/LoginUICore.framework/Versions/A/LoginUICore
0x0000000195ded000 	/usr/lib/libodfde.dylib
0x000000019edb1000 	/usr/lib/libcurl.4.dylib
0x0000000227a11000 	/usr/lib/libcrypto.46.dylib
0x00000002286bf000 	/usr/lib/libssl.48.dylib
0x000000019ea85000 	/System/Library/Frameworks/LDAP.framework/Versions/A/LDAP
0x000000019eac1000 	/System/Library/PrivateFrameworks/TrustEvaluationAgent.framework/Versions/A/TrustEvaluationAgent
0x00000001979ea000 	/usr/lib/libsasl2.2.dylib

JVMTI agents: none


VM Arguments:
jvm_args: -Dfile.encoding=UTF-8 --module-path=/Users/lauragarcia/NetBeansProjects/WheelOfFortune2/build/classes 
java_command: wheeloffortune2.GamePlay
java_class_path (initial): /Users/lauragarcia/NetBeansProjects/WheelOfFortune2/build/classes
Launcher Type: SUN_STANDARD

[Global flags]
     intx CICompilerCount                          = 4                                         {product} {ergonomic}
     uint ConcGCThreads                            = 2                                         {product} {ergonomic}
     uint G1ConcRefinementThreads                  = 8                                         {product} {ergonomic}
   size_t G1HeapRegionSize                         = 2097152                                   {product} {ergonomic}
   size_t InitialHeapSize                          = 268435456                                 {product} {ergonomic}
   size_t MarkStackSize                            = 4194304                                   {product} {ergonomic}
   size_t MarkStackSizeMax                         = 536870912                                 {product} {ergonomic}
   size_t MaxHeapSize                              = 4294967296                                {product} {ergonomic}
   size_t MaxNewSize                               = 2575302656                                {product} {ergonomic}
   size_t MinHeapDeltaBytes                        = 2097152                                   {product} {ergonomic}
   size_t MinHeapSize                              = 8388608                                   {product} {ergonomic}
    uintx NonNMethodCodeHeapSize                   = 5832704                                {pd product} {ergonomic}
    uintx NonProfiledCodeHeapSize                  = 122929152                              {pd product} {ergonomic}
    uintx ProfiledCodeHeapSize                     = 122896384                              {pd product} {ergonomic}
    uintx ReservedCodeCacheSize                    = 251658240                              {pd product} {ergonomic}
     bool SegmentedCodeCache                       = true                                      {product} {ergonomic}
   size_t SoftMaxHeapSize                          = 4294967296                             {manageable} {ergonomic}
     bool UseCompressedOops                        = true                           {product lp64_product} {ergonomic}
     bool UseG1GC                                  = true                                      {product} {ergonomic}
     bool UseNUMA                                  = false                                     {product} {ergonomic}
     bool UseNUMAInterleaving                      = false                                     {product} {ergonomic}

Logging:
Log output configuration:
 #0: stdout all=warning uptime,level,tags foldmultilines=false
 #1: stderr all=off uptime,level,tags foldmultilines=false

Environment Variables:
PATH=/usr/bin:/bin:/usr/sbin:/sbin
SHELL=/bin/zsh
LC_CTYPE=UTF-8
TMPDIR=/var/folders/x2/z_73hh_91p5dzg8gl7mm5slr0000gn/T/

Active Locale:
LC_ALL=C/UTF-8/C/C/C/C
LC_COLLATE=C
LC_CTYPE=UTF-8
LC_MESSAGES=C
LC_MONETARY=C
LC_NUMERIC=C
LC_TIME=C

Signal Handlers:
   SIGSEGV: crash_handler in libjvm.dylib, mask=11100110000111110111111111111111, flags=SA_ONSTACK|SA_RESTART|SA_SIGINFO, unblocked
    SIGBUS: crash_handler in libjvm.dylib, mask=11100110000111110111111111111111, flags=SA_RESTART|SA_SIGINFO, unblocked
    SIGFPE: crash_handler in libjvm.dylib, mask=11100110000111110111111111111111, flags=SA_RESTART|SA_SIGINFO, unblocked
   SIGPIPE: javaSignalHandler in libjvm.dylib, mask=11100110000111110111111111111111, flags=SA_RESTART|SA_SIGINFO, blocked
   SIGXFSZ: javaSignalHandler in libjvm.dylib, mask=11100110000111110111111111111111, flags=SA_RESTART|SA_SIGINFO, blocked
    SIGILL: crash_handler in libjvm.dylib, mask=11100110000111110111111111111111, flags=SA_RESTART|SA_SIGINFO, unblocked
   SIGUSR2: SR_handler in libjvm.dylib, mask=00000000000000000000000000000000, flags=SA_RESTART|SA_SIGINFO, blocked
    SIGHUP: UserHandler in libjvm.dylib, mask=11100110000111110111111111111111, flags=SA_RESTART|SA_SIGINFO, blocked
    SIGINT: SIG_IGN, mask=00000000000000000000000000000000, flags=none, blocked
   SIGTERM: UserHandler in libjvm.dylib, mask=11100110000111110111111111111111, flags=SA_RESTART|SA_SIGINFO, blocked
   SIGQUIT: UserHandler in libjvm.dylib, mask=11100110000111110111111111111111, flags=SA_RESTART|SA_SIGINFO, blocked
   SIGTRAP: crash_handler in libjvm.dylib, mask=11100110000111110111111111111111, flags=SA_RESTART|SA_SIGINFO, unblocked


Periodic native trim disabled

---------------  S Y S T E M  ---------------

OS:
uname: Darwin 23.3.0 Darwin Kernel Version 23.3.0: Wed Dec 20 21:30:27 PST 2023; root:xnu-10002.81.5~7/RELEASE_ARM64_T8103 arm64
OS uptime: 0 days 12:37 hours
rlimit (soft/hard): STACK 8176k/65520k , CORE 0k/infinity , NPROC 2666/4000 , NOFILE 1048576/infinity , AS infinity/infinity , CPU infinity/infinity , DATA infinity/infinity , FSIZE infinity/infinity , MEMLOCK infinity/infinity , RSS infinity/infinity
load average: 2.59 2.87 2.83

CPU: total 8 (initial active 8) 0x61:0x0:0x1b588bb3:0, fp, asimd, aes, pmull, sha1, sha256, crc32, lse, sha3, sha512
machdep.cpu.brand_string:Apple M1
hw.cachelinesize:128
hw.l1icachesize:131072
hw.l1dcachesize:65536
hw.l2cachesize:4194304

Memory: 16k page, physical 16777216k(76528k free), swap 0k(0k free)

vm_info: OpenJDK 64-Bit Server VM (24.0.1+9) for bsd-aarch64 JRE (24.0.1+9) (Zulu24.30+11-CA), built on 2025-03-21T13:47:26Z with clang Apple LLVM 14.0.3 (clang-1403.0.22.14.1)

END.
